\BOOKMARK [1][-]{0.1.1}{Introducci\363n}{}
\BOOKMARK [1][-]{0.2.1}{\277Por qu\351 DBTexMath?}{}
\BOOKMARK [1][-]{0.3.1}{Breve explicativo sobre el funcionamiento y terminolog\355a de DocBook.}{}
\BOOKMARK [1][-]{0.4.1}{Uso de DBTexMath}{}
\BOOKMARK [1][-]{0.5.1}{\277C\363mo funciona DBTexMath?}{}
\BOOKMARK [1][-]{0.6.1}{Obtenci\363n e instalaci\363n de DBTexMath}{}
\BOOKMARK [2][-]{0.6.1.2}{Instalaci\363n del paquete original DBTeXMath}{0.6.1}
\BOOKMARK [2][-]{0.6.2.2}{Instalaci\363n de DBTeXMath junto con ldp.dsl}{0.6.1}
\BOOKMARK [1][-]{0.7.1}{Obtenci\363n de salidas en formatos HTML y PDF}{}
\BOOKMARK [1][-]{0.8.1}{Consejos}{}
\BOOKMARK [2][-]{0.8.3.2}{Modificaciones en la configuraci\363n}{0.8.1}
\BOOKMARK [1][-]{0.9.1}{No todo es color de rosas...}{}
\BOOKMARK [0][-]{1.0}{A. Introducci\363n a la representaci\363n de expresiones matem\341ticas en TeX}{}
\BOOKMARK [1][-]{1.10.1}{Ambientes}{1.0}
\BOOKMARK [1][-]{1.11.1}{Sub\355ndices y super\355ndices}{1.0}
\BOOKMARK [1][-]{1.12.1}{Letras griegas}{1.0}
\BOOKMARK [1][-]{1.13.1}{Espaciado en las f\363rmulas matem\341ticas}{1.0}
\BOOKMARK [1][-]{1.14.1}{Tipos, estilos y tama\361os de letra}{1.0}
\BOOKMARK [1][-]{1.15.1}{Algunos comandos para el uso matem\341tico}{1.0}
\BOOKMARK [0][-]{2.0}{B. Descripci\363n de los archivos del software DBTexMath}{}
\BOOKMARK [0][-]{3.0}{C. Material sobre el tema}{}
\BOOKMARK [0][-]{4.0}{D. Tablas de s\355mbolos matem\341ticos1}{}
\BOOKMARK [1][-]{4.15.4.2}{Bibliograf\355a}{4.0}
