This is pdfTeX, Version 3.14159-1.10b (Web2C 7.4.5) (format=pdfjadetex 2005.2.4)  17 FEB 2005 09:50
**math_in_db.tex
(./math_in_db.tex{/usr/share/texmf/pdftex/config/pdftex.cfg}
JadeTeX 2002/01/25: 3.12
LaTeX Font Info:    Try loading font information for T1+ptm on input line 1.
(/usr/share/texmf/tex/latex/psnfss/t1ptm.fd
File: t1ptm.fd 2001/06/04 font definitions for T1/ptm.
)
(./jadetex.cfg (/usr/share/texmf/tex/generic/babel/babel.sty
Package: babel 2001/03/01 v3.7h The Babel package

(/usr/share/texmf/tex/generic/babel/spanish.ldf
Language: spanish.ldf 2001/01/30 v4.1c Spanish support from the babel system

(/usr/share/texmf/tex/generic/babel/babel.def
File: babel.def 2001/03/01 v3.7h Babel common definitions
\babel@savecnt=\count116
\U@D=\dimen131
)

Package babel Warning: No hyphenation patterns were loaded for
(babel)                the language `Spanish'
(babel)                I will use the patterns loaded for \language=0 instead.

\l@spanish = a dialect from \language0
\es@quottoks=\toks23
\es@quotdepth=\count117
Package babel Info: Making . an active character on input line 464.
Package babel Info: Making " an active character on input line 495.
Package babel Info: Making < an active character on input line 581.
Package babel Info: Making > an active character on input line 582.
)) (/usr/share/texmf/tex/latex/base/latexsym.sty
Package: latexsym 1998/08/17 v2.2e Standard LaTeX package (lasy symbols)
\symlasy=\mathgroup8
LaTeX Font Info:    Overwriting symbol font `lasy' in version `bold'
(Font)                  U/lasy/m/n --> U/lasy/b/n on input line 42.
)
\p@=\dimen132
Package hyperref Info: Option `colorlinks' set `true' on input line 13.
)
Elements will be labelled
Jade begin document sequence at 21
(./math_in_db.aux)
\openout1 = `math_in_db.aux'.

LaTeX Font Info:    Checking defaults for OML/cmm/m/it on input line 21.
LaTeX Font Info:    ... okay on input line 21.
LaTeX Font Info:    Checking defaults for T1/cmr/m/n on input line 21.
LaTeX Font Info:    ... okay on input line 21.
LaTeX Font Info:    Checking defaults for OT1/cmr/m/n on input line 21.
LaTeX Font Info:    ... okay on input line 21.
LaTeX Font Info:    Checking defaults for OMS/cmsy/m/n on input line 21.
LaTeX Font Info:    ... okay on input line 21.
LaTeX Font Info:    Checking defaults for OMX/cmex/m/n on input line 21.
LaTeX Font Info:    ... okay on input line 21.
LaTeX Font Info:    Checking defaults for U/cmr/m/n on input line 21.
LaTeX Font Info:    ... okay on input line 21.
LaTeX Font Info:    Checking defaults for PD1/pdf/m/n on input line 21.
LaTeX Font Info:    ... okay on input line 21.
LaTeX Font Info:    Checking defaults for T2A/cmr/m/n on input line 21.
LaTeX Font Info:    Try loading font information for T2A+cmr on input line 21.
 (/usr/share/texmf/tex/latex/cyrillic/t2acmr.fd
File: t2acmr.fd 2001/08/11 v1.0a Computer Modern Cyrillic font definitions
)
LaTeX Font Info:    ... okay on input line 21.
LaTeX Font Info:    Checking defaults for TS1/cmr/m/n on input line 21.
LaTeX Font Info:    Try loading font information for TS1+cmr on input line 21.

(/usr/share/texmf/tex/latex/base/ts1cmr.fd
File: ts1cmr.fd 1999/05/25 v2.5h Standard LaTeX font definitions
)
LaTeX Font Info:    ... okay on input line 21.
LaTeX Font Info:    Checking defaults for LECO/omseco/m/n on input line 21.
LaTeX Font Info:    ... okay on input line 21.
LaTeX Font Info:    Checking defaults for LECX/omsecx/m/n on input line 21.
LaTeX Font Info:    ... okay on input line 21.
LaTeX Font Info:    Checking defaults for LECY/omsecy/m/n on input line 21.
LaTeX Font Info:    ... okay on input line 21.
LaTeX Font Info:    Checking defaults for LEGR/omsegr/m/n on input line 21.
LaTeX Font Info:    ... okay on input line 21.
LaTeX Font Info:    Checking defaults for LEHA/omseha/m/n on input line 21.
LaTeX Font Info:    ... okay on input line 21.
LaTeX Font Info:    Checking defaults for LEIP/omseip/m/n on input line 21.
LaTeX Font Info:    ... okay on input line 21.
LaTeX Font Info:    Checking defaults for LELA/omsela/m/n on input line 21.
LaTeX Font Info:    ... okay on input line 21.
LaTeX Font Info:    Checking defaults for LETI/omseti/m/n on input line 21.
LaTeX Font Info:    ... okay on input line 21.

(/usr/share/texmf/tex/context/base/supp-pdf.tex
(/usr/share/texmf/tex/context/base/supp-mis.tex
loading : Context Support Macros / Missing
\protectiondepth=\count118
\scratchcounter=\count119
\scratchtoks=\toks24
\scratchdimen=\dimen133
\scratchskip=\skip54
\scratchmuskip=\muskip10
\scratchbox=\box62
\scratchread=\read1
\scratchwrite=\write4
\zeropoint=\dimen134
\minusone=\count120
\thousandpoint=\dimen135
\emptytoks=\toks25
\nextbox=\box63
\nextdepth=\dimen136
\everyline=\toks26
\!!counta=\count121
\!!countb=\count122
\recursecounter=\count123
)
loading : Context Support Macros / PDF
\nofMPsegments=\count124
\nofMParguments=\count125
\everyMPtoPDFconversion=\toks27
)
Package hyperref Info: Link coloring ON on input line 21.
 (/usr/share/texmf/tex/latex/hyperref/nameref.sty
Package: nameref 2001/01/27 v2.19 Cross-referencing by name of section
\c@section@level=\count126
)
LaTeX Info: Redefining \ref on input line 21.
LaTeX Info: Redefining \pageref on input line 21.
 (./math_in_db.out)
(./math_in_db.out)
\openout3 = `math_in_db.out'.

LaTeX Font Info:    Try loading font information for T1+aer on input line 38.
 (/usr/share/texmf/tex/latex/ae/t1aer.fd
File: t1aer.fd 1997/11/16 Font definitions for T1/aer.
)

Package Fancyhdr Warning: fancyhdr's E option without twoside option is useless
 on input line 118.


Package Fancyhdr Warning: fancyhdr's E option without twoside option is useless
 on input line 118.


Underfull \hbox (badness 10000) in paragraph at lines 173--174
 []/aeti10@10.0749pt/Peque^^f1o ex-plica-ti-vo de c^^f3-mo
 []


Underfull \hbox (badness 10000) in paragraph at lines 173--174
 /aeti10@10.0749pt/en doc-u-men-tos Doc-book us-an-do
 []


Package Fancyhdr Warning: fancyhdr's E option without twoside option is useless
 on input line 461.

[1.0.51{/usr/share/texmf/dvips/config/pdftex.map}]
LaTeX Font Info:    Try loading font information for TS1+aer on input line 491.

LaTeX Font Info:    No file TS1aer.fd. on input line 491.


LaTeX Font Warning: Font shape `TS1/aer/m/n' undefined
(Font)              using `TS1/cmr/m/n' instead
(Font)              for symbol `textbullet' on input line 491.

LaTeX Font Info:    Calculating math sizes for size <10.03738> on input line 61
4.
LaTeX Font Info:    Try loading font information for U+msa on input line 614.
(/usr/share/texmf/tex/latex/amsfonts/umsa.fd
File: umsa.fd 2002/01/19 v2.2g AMS font definitions
)
LaTeX Font Info:    Try loading font information for U+msb on input line 614.

(/usr/share/texmf/tex/latex/amsfonts/umsb.fd
File: umsb.fd 2002/01/19 v2.2g AMS font definitions
)
LaTeX Font Info:    Try loading font information for U+wasy on input line 614.

(/usr/share/texmf/tex/latex/wasysym/uwasy.fd
File: uwasy.fd 1999/05/13 v1.0i Wasy-2 symbol font definitions
)
LaTeX Font Info:    Try loading font information for U+stmry on input line 614.


(/usr/share/texmf/tex/latex/misc/ustmry.fd)
LaTeX Font Info:    Try loading font information for U+lasy on input line 614.

(/usr/share/texmf/tex/latex/base/ulasy.fd
File: ulasy.fd 1998/08/17 v2.2e LaTeX symbol font definitions
) [2.0.51]
<sgml-db.png, id=197, 424.58624pt x 443.6575pt>
File: sgml-db.png Graphic file (type png)
 <use sgml-db.png>
Overfull \hbox (3.01508pt too wide) detected at line 911
 [] 
 []

[3.0.51
! pdfTeX warning (ext4): destination with the same identifier (name{128}) has b
een already used, duplicate ignored
<to be read again> 
                   \endgroup 
l.911 ...Seq{}\endDisplayGroup{}\endDisplayGroup{}
                                                  \endNode{}]
<xml-db.png, id=209, 413.545pt x 370.38374pt>
File: xml-db.png Graphic file (type png)
 <use xml-db.png> [4.0.51 <./sgml-db.png>]
LaTeX Font Info:    Try loading font information for T1+phv on input line 979.
 (/usr/share/texmf/tex/latex/psnfss/t1phv.fd
File: t1phv.fd 2001/06/04 scalable font definitions for T1/phv.
) [5.0.51 <./xml-db.png>]
[6.0.51] <sgml_dtd.png, id=303, 375.4025pt x 515.9275pt>
File: sgml_dtd.png Graphic file (type png)
 <use sgml_dtd.png>
[7.0.51 <./sgml_dtd.png>]
LaTeX Font Info:    Calculating math sizes for size <9.03365> on input line 160
3.


LaTeX Font Warning: Font shape `OT1/cmr/m/n' in size <4.5337> not available
(Font)              size <5> substituted on input line 1603.


LaTeX Font Warning: Font shape `OML/cmm/m/it' in size <4.5337> not available
(Font)              size <5> substituted on input line 1603.


LaTeX Font Warning: Font shape `OMS/cmsy/m/n' in size <4.5337> not available
(Font)              size <5> substituted on input line 1603.


LaTeX Font Warning: Font shape `U/msa/m/n' in size <4.5337> not available
(Font)              size <5> substituted on input line 1603.


LaTeX Font Warning: Font shape `U/msb/m/n' in size <4.5337> not available
(Font)              size <5> substituted on input line 1603.


LaTeX Font Warning: Font shape `U/wasy/m/n' in size <4.5337> not available
(Font)              size <5> substituted on input line 1603.


LaTeX Font Warning: Font shape `U/stmry/m/n' in size <4.5337> not available
(Font)              size <5> substituted on input line 1603.


LaTeX Font Warning: Font shape `U/lasy/m/n' in size <4.5337> not available
(Font)              size <5> substituted on input line 1603.

[8.0.51] [9.0.51]

LaTeX Font Warning: Font shape `T1/aett/bx/n' undefined
(Font)              using `T1/aett/m/n' instead on input line 2995.


Underfull \hbox (badness 10000) in paragraph at lines 3100--3116
 []/aer10@10.0749pt/Lo primero ser^^e1 ba-jar el pa-que-te []   dbtexmath-0.3.t
ar.gz
 []


Underfull \hbox (badness 10000) in paragraph at lines 3100--3116
 /aer10@10.0749pt/(http://ricardo.ecn.wfu.edu/~Ecottrell/dbtexmath/dbtexmath-0.
3.tar.gz).
 []


Underfull \hbox (badness 10000) in paragraph at lines 3100--3116
 /aer10@10.0749pt/Co-mo al-ter-na-ti-va se po-dr^^e1 ba-jar el pa-que-te []  db
texmath-es.tgz
 []

[10.0.51]
LaTeX Font Info:    Font shape `T1/phv/bx/n' in size <9.03365> not available
(Font)              Font shape `T1/phv/b/n' tried instead on input line 3214.
 [11.0.51]
Underfull \hbox (badness 5091) in paragraph at lines 3506--3534
 []/aebx9@9.06741pt/Sugerencia: /phvr8t@9.06741pt/En la may-or^^eda de las dis-
tribu-ciones GNU/Linux, las ho-jas de es-ti-lo
 []


Underfull \hbox (badness 7326) in paragraph at lines 3506--3534
 /phvr8t@9.06741pt/DSSSL se en-cuen-tran en []  /aett8@8.16066pt//usr/share/sgm
l/DocBook/dsssl*/phvr8t@9.06741pt/, aunque es-to no ten-dr^^eda
 []


Underfull \hbox (badness 10000) in paragraph at lines 3506--3534
 []  /aett8@8.16066pt//usr/share/sgml/docbook/dsssl-stylesheets-cygnus/styleshe
ets/cygnus-both.dsl./phvr8t@9.06741pt/.
 []


Underfull \hbox (badness 10000) in paragraph at lines 3636--3649
 /aer10@10.0749pt/puede obten-er de[] http://www.geocities.com/cancerbero_sgx/d
btexmath_ldp.dsl.tar.gz
 []

[12.0.51] [13.0.51]
Underfull \hbox (badness 2809) in paragraph at lines 4117--4124
 []/aer10@10.0749pt/Un buen tu-to-ri-al de Lyx y SGML se en-cuen-tra en []  www
.karakas-online.de/mySGML
 []

[14.0.51] [15.0.51] [16.0.51]
Underfull \hbox (badness 1231) in paragraph at lines 4964--4973
 []/aer10@10.0749pt/Para aquel usuario ex-per-i-men-ta-do, una al-ter-na-ti-va 
que puede mejo-rar este prob-le-ma
 []

[17.0.51] [18.0.51]
Overfull \hbox (1.59998pt too wide) in alignment at lines 5735--5737
 [] [] [] 
 []


Underfull \hbox (badness 10000) in paragraph at lines 5880--5880
 []|[]/aett9@9.06741pt/\begin{math} 
 []


Underfull \hbox (badness 10000) in paragraph at lines 5880--5880
 /aett9@9.06741pt/\lim_{n \to \in-fty} 
 []


Underfull \hbox (badness 10000) in paragraph at lines 5880--5880
 /aett9@9.06741pt/\sum_{k=1}^n \frac{1}{k^2} 
 []


Underfull \hbox (badness 10000) in paragraph at lines 5880--5880
 /aett9@9.06741pt/= \frac{\pi^2}{6} 
 []


Underfull \hbox (badness 10000) in paragraph at lines 6022--6022
 []|[]/aett9@9.06741pt/\begin{displaymath} 
 []


Underfull \hbox (badness 10000) in paragraph at lines 6022--6022
 /aett9@9.06741pt/\lim_{n \to \in-fty} 
 []


Underfull \hbox (badness 10000) in paragraph at lines 6022--6022
 /aett9@9.06741pt/\sum_{k=1}^n \frac{1}{k^2} 
 []


Underfull \hbox (badness 10000) in paragraph at lines 6022--6022
 /aett9@9.06741pt/= \frac{\pi^2}{6} 
 []


Overfull \hbox (1.59998pt too wide) in alignment at lines 5737--6083
 [] [] [] 
 []

[19.0.51]
Overfull \hbox (1.59998pt too wide) in alignment at lines 6457--6459
 [] [] [] 
 []


Overfull \hbox (1.59998pt too wide) in alignment at lines 6459--6779
 [] [] [] 
 []


Overfull \hbox (1.19998pt too wide) in alignment at lines 7084--7086
 [] [] 
 []


Overfull \hbox (1.19998pt too wide) in alignment at lines 7086--7189
 [] [] 
 []

[20.0.51]
Overfull \hbox (0.79999pt too wide) in alignment at lines 7347--7349
 [] 
 []


Underfull \hbox (badness 10000) in paragraph at lines 7427--7427
 []|[]/aett9@9.06741pt/\[ \tex-trm{Sea }f: \Re \rightar-row \Re \] \[ \tex-trm{
Se dice que } f \tex- 
 []


Underfull \hbox (badness 10000) in paragraph at lines 7427--7427
 /aett9@9.06741pt/trm{ es con-tin-ua en } \math-bf{x_0} \tex-trm{ si y s^^f3-lo
 si } \] \[ \forall \ep- 
 []


Underfull \hbox (badness 10000) in paragraph at lines 7427--7427
 /aett9@9.06741pt/silon>0\textrm{, } \ex-ists \delta>0 \tex-trm{ tal que si } x
 \in [x_0- 
 []


Underfull \hbox (badness 10000) in paragraph at lines 7427--7427
 /aett9@9.06741pt/\delta, x_0+\delta] \] \[ \Lon-grightar-row f(x) \in [f(x_0-\
delta), f(x_0+\delta)] \] 
 []


Overfull \hbox (0.79999pt too wide) in alignment at lines 7349--7490
 [] 
 []

[21.0.51]
Overfull \hbox (1.19998pt too wide) in alignment at lines 7678--7680
 [] [] 
 []


Underfull \hbox (badness 10000) in paragraph at lines 7744--7744
 []|[]/aett9@9.06741pt/\begin{displaymath} 
 []


Underfull \hbox (badness 10000) in paragraph at lines 7744--7744
 /aett9@9.06741pt/1 + \left( \frac{1}{ 1-x^{2} } \right) ^3 
 []


Overfull \hbox (1.19998pt too wide) in alignment at lines 7680--7804
 [] [] 
 []


Overfull \hbox (1.19998pt too wide) in alignment at lines 7890--7892
 [] [] 
 []


Overfull \hbox (1.19998pt too wide) in alignment at lines 7892--7992
 [] [] 
 []

[22.0.51] [23.0.51]
Underfull \hbox (badness 3189) in paragraph at lines 8982--8994
 [][][][]/aer10@10.0749pt/COMO - Demisti-ficar Doc-book (http://en.tldp.org/HOW
TO/DocBook-Demystification-
 []


Underfull \hbox (badness 10000) in paragraph at lines 9148--9168
 [][][][][] /aebx10@10.0749pt/A Gen-tle In-tro-duc-tion to SGML  (http://www-
 []


Overfull \hbox (22.44902pt too wide) in paragraph at lines 9189--9209
 [][][][]/aebx10@10.0749pt/Una pre-sentaci^^f3n hecha por Jaime D^^e1vi-la. [] 
 []   /aer10@10.0749pt/http://es.tldp.org/Presentaciones/0000otras/conf-
 []


Underfull \hbox (badness 10000) in paragraph at lines 9230--9242
 [][][][] /aer10@10.0749pt/Edi-ci^^f3n Es-truc-tura-da en emacs (http://es.tldp
.org/Manuales-LuCAS/doc-edicion-
 []


Overfull \hbox (1.99997pt too wide) in alignment at lines 9346--9348
 [] [] [] [] 
 []


Overfull \hbox (1.99997pt too wide) in alignment at lines 9348--9852
 [] [] [] [] 
 []


Overfull \hbox (1.99997pt too wide) in alignment at lines 9909--9911
 [] [] [] [] 
 []


Overfull \hbox (1.99997pt too wide) in alignment at lines 9911--11191
 [] [] [] [] 
 []

[24.0.51]
Overfull \hbox (1.99997pt too wide) in alignment at lines 11248--11250
 [] [] [] [] 
 []


Overfull \hbox (1.99997pt too wide) in alignment at lines 11250--11727
 [] [] [] [] 
 []


Overfull \hbox (1.59998pt too wide) in alignment at lines 11794--11796
 [] [] [] 
 []


Overfull \hbox (1.59998pt too wide) in alignment at lines 11796--13447
 [] [] [] 
 []


Overfull \hbox (1.59998pt too wide) in alignment at lines 13507--13509
 [] [] [] 
 []


Overfull \hbox (1.59998pt too wide) in alignment at lines 13509--14873
 [] [] [] 
 []

[25.0.51]
Overfull \hbox (1.59998pt too wide) in alignment at lines 14926--14928
 [] [] [] 
 []


Overfull \hbox (1.59998pt too wide) in alignment at lines 14928--16388
 [] [] [] 
 []


Overfull \hbox (1.99997pt too wide) in alignment at lines 16445--16447
 [] [] [] [] 
 []


Overfull \hbox (1.99997pt too wide) in alignment at lines 16447--17063
 [] [] [] [] 
 []


Overfull \hbox (1.99997pt too wide) in alignment at lines 17120--17122
 [] [] [] [] 
 []


Overfull \hbox (1.99997pt too wide) in alignment at lines 17122--18094
 [] [] [] [] 
 []


Overfull \hbox (1.99997pt too wide) in alignment at lines 18151--18153
 [] [] [] [] 
 []


Overfull \hbox (1.99997pt too wide) in alignment at lines 18153--18464
 [] [] [] [] 
 []

[26.0.51]
Overfull \hbox (1.99997pt too wide) in alignment at lines 18528--18530
 [] [] [] [] 
 []


Overfull \hbox (1.99997pt too wide) in alignment at lines 18530--19953
 [] [] [] [] 
 []


Package hyperref Warning: Difference (2) between bookmark levels is greater 
(hyperref)                than one, level fixed on input line 19982.


Underfull \hbox (badness 10000) in paragraph at lines 20003--20023
 []/aer10@10.0749pt/Allin Cot-trell,  /aeti10@10.0749pt/Doc-u-mentaci^^f3n del 
soft-ware DB-Tex-Math
 []

[27.0.51]
Underfull \hbox (badness 3417) in paragraph at lines 20474--20476
 [][]/aer10@10.0749pt/Sin em-bar-go en las ho-jas XSL el so-porte a MathML ex-i
ste y es de-scrito en
 []


Underfull \hbox (badness 1348) in paragraph at lines 20745--20752
 [][]/aer10@10.0749pt/html2db es soft-ware li-bre y se puede obten-er de http:/
/www.cise.ufl.edu/~Eppadala
 []

[28.0.51]

LaTeX Font Warning: Font shape `OT1/cmr/bx/n' in size <4.5337> not available
(Font)              size <5> substituted on input line 20917.

[29.0.51] (./math_in_db.aux)

LaTeX Font Warning: Size substitutions with differences
(Font)              up to 0.46805pt have occurred.


LaTeX Font Warning: Some font shapes were not available, defaults substituted.

 ) 
Here is how much of TeX's memory you used:
 3597 strings out of 85457
 29922 string characters out of 1090154
 188092 words of memory out of 1000001
 15605 multiletter control sequences out of 10000+50000
 82016 words of font info for 173 fonts, out of 500000 for 1000
 14 hyphenation exceptions out of 1000
 27i,14n,42p,526b,2958s stack positions out of 1500i,500n,5000p,200000b,5000s
 1035 PDF objects out of 300000
 767 named destinations out of 131072
 176 words of extra memory for PDF output out of 65536
{/usr/share/texmf/dvips/tetex/bbad153f.enc}</usr/share/texmf/fonts/type1/blue
sky/cm/cmsy9.pfb></usr/share/texmf/fonts/type1/bluesky/symbols/msbm10.pfb></usr
/share/texmf/fonts/type1/hoekwater/stmaryrd/stmary10.pfb></usr/share/texmf/font
s/type1/bluesky/symbols/msam10.pfb>{/usr/share/texmf/dvips/tetex/f7b6d320.enc}<
/usr/share/texmf/fonts/type1/bluesky/cm/cmbx6.pfb>{/usr/share/texmf/dvips/tetex
/10037936.enc}</usr/share/texmf/fonts/type1/bluesky/cm/cmbsy10.pfb></usr/share/
texmf/fonts/type1/bluesky/cm/cmbx7.pfb> </usr/share/texmf/fonts/pk/ljfour/jknap
pen/ec/ecrm1000.600pk>{/usr/share/texmf/dvips/tetex/0ef0afca.enc}</usr/share/te
xmf/fonts/type1/bluesky/cm/cmr5.pfb></usr/share/texmf/fonts/type1/bluesky/cm/cm
r9.pfb>{/usr/share/texmf/dvips/tetex/09fbbfac.enc}</usr/share/texmf/fonts/type1
/bluesky/cm/cmtt12.pfb></usr/share/texmf/fonts/type1/bluesky/cm/cmtt8.pfb>{/usr
/share/texmf/dvips/psnfss/8r.enc}</usr/share/texmf/fonts/type1/bluesky/cm/cmsy1
0.pfb>{/usr/share/texmf/dvips/tetex/b6a4d7c7.enc}</usr/share/texmf/fonts/type1/
bluesky/cm/cmitt10.pfb>{/usr/share/texmf/dvips/tetex/aae443f0.enc}</usr/share/t
exmf/fonts/type1/bluesky/cm/cmmi9.pfb>{/usr/share/texmf/dvips/tetex/74afc74c.en
c}</usr/share/texmf/fonts/type1/bluesky/cm/cmbxti10.pfb></usr/share/texmf/fonts
/type1/bluesky/cm/cmbx9.pfb></usr/share/texmf/fonts/type1/bluesky/cm/cmex10.pfb
></usr/share/texmf/fonts/type1/bluesky/cm/cmr7.pfb></usr/share/texmf/fonts/type
1/bluesky/cm/cmsy7.pfb></usr/share/texmf/fonts/type1/bluesky/cm/cmmi7.pfb></usr
/share/texmf/fonts/type1/bluesky/cm/cmtt9.pfb></usr/share/texmf/fonts/type1/blu
esky/cm/cmmi10.pfb></usr/share/texmf/fonts/type1/bluesky/cm/cmbx10.pfb> </var/l
ib/texmf/pk/ljfour/jknappen/tc/tcrm0800.600pk></usr/share/texmf/fonts/type1/blu
esky/cm/cmr6.pfb></usr/share/texmf/fonts/type1/bluesky/cm/cmr10.pfb></usr/share
/texmf/fonts/type1/bluesky/cm/cmti10.pfb></usr/share/texmf/fonts/type1/bluesky/
cm/cmbx12.pfb>
Output written on math_in_db.pdf (29 pages, 488594 bytes).
