This is pdfTeX, Version 3.14159-1.10b (Web2C 7.4.5) (format=pdfxmltex 2005.1.18)  26 JAN 2005 02:24
**openldap-samba-cups-pykota.fo
(./openldap-samba-cups-pykota.fo{/usr/share/texmf/pdftex/config/pdftex.cfg}
LaTeX2e <2001/06/01>
Babel <v3.7h> and hyphenation patterns for american, french, german, ngerman, n
ohyphenation, loaded.
xmltex version: 2002/06/25 v1.9 (Exp):
(/usr/share/texmf/tex/xmltex/xmltex.cfg)

No File: openldap-samba-cups-pykota.cfg
(/usr/share/texmf/tex/xmltex/passivetex/fotex.xmt)
(/usr/share/texmf/tex/latex/base/article.cls
Document Class: article 2001/04/21 v1.4e Standard LaTeX document class
(/usr/share/texmf/tex/latex/base/size10.clo
File: size10.clo 2001/04/21 v1.4e Standard LaTeX file (size option)
)
\c@part=\count80
\c@section=\count81
\c@subsection=\count82
\c@subsubsection=\count83
\c@paragraph=\count84
\c@subparagraph=\count85
\c@figure=\count86
\c@table=\count87
\abovecaptionskip=\skip41
\belowcaptionskip=\skip42
\bibindent=\dimen102
)
(/usr/share/texmf/tex/xmltex/passivetex/fotex.sty
Package: fotex 2003/03/10: version 1.25. support for XSL formatting, S Rahtz
(/usr/share/texmf/tex/latex/graphics/graphicx.sty
Package: graphicx 1999/02/16 v1.0f Enhanced LaTeX Graphics (DPC,SPQR)
(/usr/share/texmf/tex/latex/graphics/keyval.sty
Package: keyval 1999/03/16 v1.13 key=value parser (DPC)
\KV@toks@=\toks17
) (/usr/share/texmf/tex/latex/graphics/graphics.sty
Package: graphics 2001/07/07 v1.0n Standard LaTeX Graphics (DPC,SPQR)
(/usr/share/texmf/tex/latex/graphics/trig.sty
Package: trig 1999/03/16 v1.09 sin cos tan (DPC)
) (/usr/share/texmf/tex/latex/config/graphics.cfg
File: graphics.cfg 2001/08/31 v1.1 graphics configuration of teTeX/TeXLive
)
Package graphics Info: Driver file: pdftex.def on input line 80.
(/usr/share/texmf/tex/latex/graphics/pdftex.def
File: pdftex.def 2002/06/19 v0.03k graphics/color for pdftex
\Gread@gobject=\count88
))
\Gin@req@height=\dimen103
\Gin@req@width=\dimen104
) (/usr/share/texmf/tex/latex/graphics/color.sty
Package: color 1999/02/16 v1.0i Standard LaTeX Color (DPC)
(/usr/share/texmf/tex/latex/config/color.cfg
File: color.cfg 2001/08/31 v1.1 color configuration of teTeX/TeXLive
)
Package color Info: Driver file: pdftex.def on input line 125.
) (/usr/share/texmf/tex/xmltex/passivetex/nomulticol.sty
Package: nomulticol 2003/01/09 v1.5z multicolumn formatting (FMi)
\c@tracingmulticols=\count89
\mult@box=\box26
\multicol@leftmargin=\dimen105
\c@unbalance=\count90
\c@collectmore=\count91
\doublecol@number=\count92
\multicoltolerance=\count93
\multicolpretolerance=\count94
\full@width=\dimen106
\page@free=\dimen107
\premulticols=\dimen108
\postmulticols=\dimen109
\multicolsep=\skip43
\multicolbaselineskip=\skip44
\partial@page=\box27
\last@line=\box28
\mult@rightbox=\box29
\mult@grightbox=\box30
\mult@gfirstbox=\box31
\mult@firstbox=\box32
\@tempa=\box33
\@tempa=\box34
\@tempa=\box35
\@tempa=\box36
\@tempa=\box37
\@tempa=\box38
\@tempa=\box39
\@tempa=\box40
\@tempa=\box41
\@tempa=\box42
\@tempa=\box43
\@tempa=\box44
\@tempa=\box45
\@tempa=\box46
\@tempa=\box47
\@tempa=\box48
\@tempa=\box49
\c@columnbadness=\count95
\c@finalcolumnbadness=\count96
\last@try=\dimen110
\multicolovershoot=\dimen111
\multicolundershoot=\dimen112
\mult@nat@firstbox=\box50
\colbreak@box=\box51
)
INFO (nomulticol.sty: fo:block span="all" works
(/usr/share/texmf/tex/latex/misc/rotating.sty
Package: rotating 1997/09/26, v2.13 Rotation package
(/usr/share/texmf/tex/latex/base/ifthen.sty
Package: ifthen 2001/05/26 v1.1c Standard LaTeX ifthen package (DPC)
)
\c@r@tfl@t=\count97
\rot@float@box=\box52
) (/usr/share/texmf/tex/latex/tools/array.sty
Package: array 1998/05/13 v2.3m Tabular extension package (FMi)
\col@sep=\dimen113
\extrarowheight=\dimen114
\NC@list=\toks18
\extratabsurround=\skip45
\backup@length=\skip46
) (/usr/share/texmf/tex/latex/misc/soul.sty
Package: soul 2002/05/29 v2.3 letterspacing/underlining (mf)
\SOUL@word=\toks19
\SOUL@lasttoken=\toks20
\SOUL@cmds=\toks21
\SOUL@buffer=\toks22
\SOUL@token=\toks23
\SOUL@spaceskip=\skip47
\SOUL@ttwidth=\dimen115
\SOUL@uldp=\dimen116
\SOUL@ulht=\dimen117
) (/usr/share/texmf/tex/latex/amsmath/amsmath.sty
Package: amsmath 2000/07/18 v2.13 AMS math features
\@mathmargin=\skip48
For additional information on amsmath, use the `?' option.
(/usr/share/texmf/tex/latex/amsmath/amstext.sty
Package: amstext 2000/06/29 v2.01
(/usr/share/texmf/tex/latex/amsmath/amsgen.sty
File: amsgen.sty 1999/11/30 v2.0
\@emptytoks=\toks24
\ex@=\dimen118
)) (/usr/share/texmf/tex/latex/amsmath/amsbsy.sty
Package: amsbsy 1999/11/29 v1.2d
\pmbraise@=\dimen119
) (/usr/share/texmf/tex/latex/amsmath/amsopn.sty
Package: amsopn 1999/12/14 v2.01 operator names
)
\inf@bad=\count98
LaTeX Info: Redefining \frac on input line 211.
\uproot@=\count99
\leftroot@=\count100
LaTeX Info: Redefining \overline on input line 307.
\classnum@=\count101
\DOTSCASE@=\count102
LaTeX Info: Redefining \ldots on input line 379.
LaTeX Info: Redefining \dots on input line 382.
LaTeX Info: Redefining \cdots on input line 467.
\Mathstrutbox@=\box53
\strutbox@=\box54
\big@size=\dimen120
LaTeX Font Info:    Redeclaring font encoding OML on input line 567.
LaTeX Font Info:    Redeclaring font encoding OMS on input line 568.
\macc@depth=\count103
\c@MaxMatrixCols=\count104
\dotsspace@=\muskip10
\c@parentequation=\count105
\dspbrk@lvl=\count106
\tag@help=\toks25
\row@=\count107
\column@=\count108
\maxfields@=\count109
\andhelp@=\toks26
\eqnshift@=\dimen121
\alignsep@=\dimen122
\tagshift@=\dimen123
\tagwidth@=\dimen124
\totwidth@=\dimen125
\lineht@=\dimen126
\@envbody=\toks27
\multlinegap=\skip49
\multlinetaggap=\skip50
\mathdisplay@stack=\toks28
LaTeX Info: Redefining \[ on input line 2666.
LaTeX Info: Redefining \] on input line 2667.
) (/usr/share/texmf/tex/latex/tools/longtable.sty
Package: longtable 2000/10/22 v4.10 Multi-page Table package (DPC)
\LTleft=\skip51
\LTright=\skip52
\LTpre=\skip53
\LTpost=\skip54
\LTchunksize=\count110
\LTcapwidth=\dimen127
\LT@head=\box55
\LT@firsthead=\box56
\LT@foot=\box57
\LT@lastfoot=\box58
\LT@cols=\count111
\LT@rows=\count112
\c@LT@tables=\count113
\c@LT@chunks=\count114
\LT@p@ftn=\toks29
) (/usr/share/texmf/tex/latex/html/url.sty
Package: url 1999/03/02  ver 1.4  Verb mode for urls, email addresses, and file
 names
) (/usr/share/texmf/tex/latex/misc/ulem.sty
\UL@box=\box59
\UL@hyphenbox=\box60
\UL@skip=\skip55
\UL@hook=\toks30
\UL@pe=\count115
\UL@pixel=\dimen128
\ULC@box=\box61
Package: ulem 2000/05/26
\ULdepth=\dimen129
) (/usr/share/texmf/tex/latex/psnfss/times.sty
Package: times 2002/09/08 PSNFSS-v9.0a (SPQR) 
) (/usr/share/texmf/tex/xmltex/passivetex/mlnames.sty
Package: mlnames 2002/07/31, some XSL and Unicode support material, Sebastian R
ahtz
\l@american=\language0
\l@USenglish=\language0
\l@english=\language0
\l@french=\language1
\l@patois=\language1
\l@german=\language2
\l@austrian=\language2
\l@ngerman=\language3
\l@naustrian=\language3
\l@nohyphenation=\language4
) (/usr/share/texmf/tex/xmltex/passivetex/unicode.sty
Package: unicode 2000/01/13 S Rahtz: load various font-related packages for Uni
code
WARNING: tipa package not loaded. some symbols will fail
(/usr/share/texmf/tex/latex/base/fontenc.sty
Package: fontenc 2001/06/05 v1.94 Standard LaTeX package
(/usr/share/texmf/tex/latex/cyrillic/t2aenc.def
File: t2aenc.def 2001/08/11 v1.0f Cyrillic encoding definition file
) (/usr/share/texmf/tex/latex/base/t1enc.def
File: t1enc.def 2001/06/05 v1.94 Standard LaTeX file
LaTeX Font Info:    Redeclaring font encoding T1 on input line 38.
)) (/usr/share/texmf/tex/latex/amsfonts/amssymb.sty
Package: amssymb 2002/01/22 v2.2d
(/usr/share/texmf/tex/latex/amsfonts/amsfonts.sty
Package: amsfonts 2001/10/25 v2.2f
\symAMSa=\mathgroup4
\symAMSb=\mathgroup5
LaTeX Font Info:    Overwriting math alphabet `\mathfrak' in version `bold'
(Font)                  U/euf/m/n --> U/euf/b/n on input line 132.
)) (/usr/share/texmf/tex/latex/tools/bm.sty
Package: bm 1999/07/05 v1.0g Bold Symbol Support (DPC/FMi)
LaTeX Info: Redefining \bm on input line 195.
) (/usr/share/texmf/tex/latex/base/textcomp.sty
Package: textcomp 2001/06/05 v1.94 Standard LaTeX package
(/usr/share/texmf/tex/latex/base/ts1enc.def
File: ts1enc.def 2001/06/05 v3.0e (jk/car/fm) Standard LaTeX file
)) (/usr/share/texmf/tex/latex/psnfss/pifont.sty
Package: pifont 2002/09/08 PSNFSS-v9.0a Pi font support (SPQR) 
LaTeX Font Info:    Try loading font information for U+pzd on input line 62.
(/usr/share/texmf/tex/latex/psnfss/upzd.fd
File: upzd.fd 2001/06/04 font definitions for U/pzd.
)
LaTeX Font Info:    Try loading font information for U+psy on input line 63.
(/usr/share/texmf/tex/latex/psnfss/upsy.fd
File: upsy.fd 2001/06/04 font definitions for U/psy.
)) (/usr/share/texmf/tex/latex/wasysym/wasysym.sty
Package: wasysym 1999/05/13 v1.0i Wasy-2 symbol support package
\symwasy=\mathgroup6
LaTeX Font Info:    Overwriting symbol font `wasy' in version `bold'
(Font)                  U/wasy/m/n --> U/wasy/b/n on input line 50.
) (/usr/share/texmf/tex/latex/misc/stmaryrd.sty
Package: stmaryrd 1994/03/03 St Mary's Road symbol package
\symstmry=\mathgroup7
LaTeX Font Info:    Overwriting symbol font `stmry' in version `bold'
(Font)                  U/stmry/m/n --> U/stmry/b/n on input line 89.
)
WARNING: Elsevier font setup not found
(/usr/share/texmf/tex/xmltex/passivetex/dummyels.sty
Package: dummyels 1999/12/06: S Rahtz; dummy Elsevier names
)
WARNING: mmasym package not loaded. some symbols will fail
(/usr/share/texmf/tex/latex/amsfonts/eucal.sty
Package: eucal 2001/10/01 v2.2d Euler Script fonts
LaTeX Font Info:    Overwriting math alphabet `\EuScript' in version `bold'
(Font)                  U/eus/m/n --> U/eus/b/n on input line 55.
)
LaTeX Info: Redefining \longrightarrow on input line 166.
LaTeX Info: Redefining \longleftarrow on input line 168.
\ex@=\dimen130
LaTeX Font Info:    Redeclaring math accent \mathring on input line 185.
) (/usr/share/texmf/tex/latex/misc/marvosym.sty
Package: marvosym 2000/05/01 v2.0 Martin Vogel's Symbols font definitions
) (/usr/share/texmf/tex/xmltex/passivetex/ucharacters.sty) (/usr/share/texmf/te
x/latex/hyperref/nameref.sty
Package: nameref 2001/01/27 v2.19 Cross-referencing by name of section
\c@section@level=\count116
) (/usr/share/texmf/tex/latex/hyperref/hyperref.sty
Package: hyperref 2003/01/22 v6.73n Hypertext links for LaTeX
\@linkdim=\dimen131
\Hy@linkcounter=\count117
\Hy@pagecounter=\count118
(/usr/share/texmf/tex/latex/hyperref/pd1enc.def
File: pd1enc.def 2003/01/22 v6.73n Hyperref: PDFDocEncoding definition (HO)
) (/usr/share/texmf/tex/latex/config/hyperref.cfg
File: hyperref.cfg 2002/06/06 v1.2 hyperref configuration of TeXLive and teTeX
)
Package hyperref Info: Option `colorlinks' set `false' on input line 1744.
Package hyperref Info: Option `plainpages' set `true' on input line 1744.
Package hyperref Info: Option `hypertexnames' set `false' on input line 1744.
Package hyperref Info: Hyper figures OFF on input line 1792.
Package hyperref Info: Link nesting OFF on input line 1797.
Package hyperref Info: Hyper index ON on input line 1800.
Package hyperref Info: Plain pages ON on input line 1805.
Package hyperref Info: Backreferencing OFF on input line 1812.
Implicit mode ON; LaTeX internals redefined
Package hyperref Info: Bookmarks ON on input line 1916.
LaTeX Info: Redefining \url on input line 2055.
\Fld@menulength=\count119
\Field@Width=\dimen132
\Fld@charsize=\dimen133
\Choice@toks=\toks31
\Field@toks=\toks32
Package hyperref Info: Hyper figures OFF on input line 2513.
Package hyperref Info: Link nesting OFF on input line 2518.
Package hyperref Info: Hyper index ON on input line 2521.
Package hyperref Info: backreferencing OFF on input line 2528.
Package hyperref Info: Link coloring OFF on input line 2533.
\c@Item=\count120
\c@Hfootnote=\count121
)
*hyperref using default driver hpdftex*
(/usr/share/texmf/tex/latex/hyperref/hpdftex.def
File: hpdftex.def 2003/01/22 v6.73n Hyperref driver for pdfTeX
\Fld@listcount=\count122
\@outlinefile=\write3
)
\FOListBlocks=\count123
\FOTableNesting=\count124
\FOinList=\count125
\FOinTable=\count126
\NCols=\count127
\RowCount=\count128
\SimplePMRefs=\count129
\LeaderLength=\skip56
\CurrentCellWidth=\dimen134
\FObalancespace=\dimen135
\FOspaceleft=\dimen136
\MasterBottomMargin=\dimen137
\MasterLeftMargin=\dimen138
\MasterRightMargin=\dimen139
\MasterTopMargin=\dimen140
\NoTableCellHeight=\dimen141
\TableWidth=\dimen142
\XFOendindent=\dimen143
\XFOstartindent=\dimen144
\bottommargin=\dimen145
\FOtempdim=\dimen146
\BlockBox=\box62
\CellBox=\box63
\FOBOX=\box64
\ItemBox=\box65
\ColSpecs=\toks33
\BoxedFootnotes=\toks34
\AbsoluteTableCount=\count130
\CellCount=\count131
\arraylength=\count132
\c@ArrayIndex=\count133
\c@zeroCtr=\count134
\sortcount=\count135
\sorttoks=\toks35
Package color Info: Redefining color black on input line 959.
Package color Info: Redefining color blue on input line 960.
Package color Info: Redefining color green on input line 963.
Package color Info: Redefining color red on input line 969.
Package color Info: Redefining color white on input line 972.
Package color Info: Redefining color yellow on input line 973.
\FOafterskip=\skip57
\sav@everypar=\toks36
\sav@labels=\box66
\@default=\dimen147

) (./openldap-samba-cups-pykota.aux)
\openout1 = `openldap-samba-cups-pykota.aux'.

LaTeX Font Info:    Checking defaults for OML/cmm/m/it on input line 2.
LaTeX Font Info:    ... okay on input line 2.
LaTeX Font Info:    Checking defaults for T1/cmr/m/n on input line 2.
LaTeX Font Info:    ... okay on input line 2.
LaTeX Font Info:    Checking defaults for OT1/cmr/m/n on input line 2.
LaTeX Font Info:    ... okay on input line 2.
LaTeX Font Info:    Checking defaults for OMS/cmsy/m/n on input line 2.
LaTeX Font Info:    ... okay on input line 2.
LaTeX Font Info:    Checking defaults for OMX/cmex/m/n on input line 2.
LaTeX Font Info:    ... okay on input line 2.
LaTeX Font Info:    Checking defaults for U/cmr/m/n on input line 2.
LaTeX Font Info:    ... okay on input line 2.
LaTeX Font Info:    Checking defaults for T2A/cmr/m/n on input line 2.
LaTeX Font Info:    Try loading font information for T2A+cmr on input line 2.

(/usr/share/texmf/tex/latex/cyrillic/t2acmr.fd
File: t2acmr.fd 2001/08/11 v1.0a Computer Modern Cyrillic font definitions
)
LaTeX Font Info:    ... okay on input line 2.
LaTeX Font Info:    Checking defaults for TS1/cmr/m/n on input line 2.
LaTeX Font Info:    Try loading font information for TS1+cmr on input line 2.

(/usr/share/texmf/tex/latex/base/ts1cmr.fd
File: ts1cmr.fd 1999/05/25 v2.5h Standard LaTeX font definitions
)
LaTeX Font Info:    ... okay on input line 2.
LaTeX Font Info:    Checking defaults for LECO/omseco/m/n on input line 2.
LaTeX Font Info:    ... okay on input line 2.
LaTeX Font Info:    Checking defaults for LECX/omsecx/m/n on input line 2.
LaTeX Font Info:    ... okay on input line 2.
LaTeX Font Info:    Checking defaults for LECY/omsecy/m/n on input line 2.
LaTeX Font Info:    ... okay on input line 2.
LaTeX Font Info:    Checking defaults for LEGR/omsegr/m/n on input line 2.
LaTeX Font Info:    ... okay on input line 2.
LaTeX Font Info:    Checking defaults for LEHA/omseha/m/n on input line 2.
LaTeX Font Info:    ... okay on input line 2.
LaTeX Font Info:    Checking defaults for LEIP/omseip/m/n on input line 2.
LaTeX Font Info:    ... okay on input line 2.
LaTeX Font Info:    Checking defaults for LELA/omsela/m/n on input line 2.
LaTeX Font Info:    ... okay on input line 2.
LaTeX Font Info:    Checking defaults for LETI/omseti/m/n on input line 2.
LaTeX Font Info:    ... okay on input line 2.
LaTeX Font Info:    Checking defaults for PD1/pdf/m/n on input line 2.
LaTeX Font Info:    ... okay on input line 2.
LaTeX Font Info:    Try loading font information for T1+ptm on input line 2.

(/usr/share/texmf/tex/latex/psnfss/t1ptm.fd
File: t1ptm.fd 2001/06/04 font definitions for T1/ptm.
)
Package hyperref Info: Link coloring OFF on input line 2.
LaTeX Info: Redefining \ref on input line 2.
LaTeX Info: Redefining \pageref on input line 2.
 (./openldap-samba-cups-pykota.out) (./openldap-samba-cups-pykota.out)
\openout3 = `openldap-samba-cups-pykota.out'.


INFO: Using normal, i.e. nonfrench-spacing in document
WARNING!! patterns for spanish not in format file
WARNING!! - add them in language.dat and rebuild
LaTeX Font Info:    Try loading font information for T1+phv on input line 2.
(/usr/share/texmf/tex/latex/psnfss/t1phv.fd
File: t1phv.fd 2001/06/04 scalable font definitions for T1/phv.
) [1


{/usr/share/texmf/dvips/config/pdftex.map}]
LaTeX Font Info:    Try loading font information for TS1+ptm on input line 2.
 (/usr/share/texmf/tex/latex/psnfss/ts1ptm.fd
File: ts1ptm.fd 2001/06/04 font definitions for TS1/ptm.
) [2

]
WARNING!! patterns for spanish not in format file
WARNING!! - add them in language.dat and rebuild
LaTeX Font Info:    Try loading font information for U+msa on input line 21.
(/usr/share/texmf/tex/latex/amsfonts/umsa.fd
File: umsa.fd 2002/01/19 v2.2g AMS font definitions
)
LaTeX Font Info:    Try loading font information for U+msb on input line 21.

(/usr/share/texmf/tex/latex/amsfonts/umsb.fd
File: umsb.fd 2002/01/19 v2.2g AMS font definitions
)
LaTeX Font Info:    Try loading font information for U+wasy on input line 21.

(/usr/share/texmf/tex/latex/wasysym/uwasy.fd
File: uwasy.fd 1999/05/13 v1.0i Wasy-2 symbol font definitions
)
LaTeX Font Info:    Try loading font information for U+stmry on input line 21.

(/usr/share/texmf/tex/latex/misc/ustmry.fd)
Underfull \hbox (badness 10000) has occurred while \output is active
[][][] []
 []


Underfull \hbox (badness 10000) has occurred while \output is active
[][] []
 []

[3





]
! Missing \endcsname inserted.
<to be read again> 
                   &
l.21 ...avegaci&#xF3;n</fo:basic-link></fo:inline>
                                                  <fo:inline keep-together.w...

? q
OK, entering \batchmode...
! Extra \endcsname.
\XML@tempb ...ones-para-navegaci&#xF3;n\endcsname 
                                                  \inherit \global \let \inh...
l.21 ...avegaci&#xF3;n</fo:basic-link></fo:inline>
                                                  <fo:inline keep-together.w...
I'm ignoring this, since I wasn't doing a \csname.

! Argument of \inherit has an extra }.
<inserted text> 
                \par 
l.21 ...avegaci&#xF3;n</fo:basic-link></fo:inline>
                                                  <fo:inline keep-together.w...
I've run across a `}' that doesn't seem to match anything.
For example, `\def\a#1{...}' and `\a}' would produce
this error. If you simply proceed now, the `\par' that
I've just inserted will cause me to report a runaway
argument that might be the root of the problem. But if
your `}' was spurious, just type `2' and it will go away.

Runaway argument?
\global \let \inheritexplicit \noexpand \fi 
! Paragraph ended before \inherit was complete.
<to be read again> 
                   \par 
l.21 ...avegaci&#xF3;n</fo:basic-link></fo:inline>
                                                  <fo:inline keep-together.w...
I suspect you've forgotten a `}', causing me to apply this
control sequence to too much text. How can we recover?
My plan is to forget the whole thing and hope for the best.

! Argument of \XML@attrib has an extra }.
<inserted text> 
                \par 
l.21 ...avegaci&#xF3;n</fo:basic-link></fo:inline>
                                                  <fo:inline keep-together.w...
I've run across a `}' that doesn't seem to match anything.
For example, `\def\a#1{...}' and `\a}' would produce
this error. If you simply proceed now, the `\par' that
I've just inserted will cause me to report a runaway
argument that might be the root of the problem. But if
your `}' was spurious, just type `2' and it will go away.

Runaway argument?
! Paragraph ended before \XML@attrib was complete.
<to be read again> 
                   \par 
l.21 ...avegaci&#xF3;n</fo:basic-link></fo:inline>
                                                  <fo:inline keep-together.w...
I suspect you've forgotten a `}', causing me to apply this
control sequence to too much text. How can we recover?
My plan is to forget the whole thing and hope for the best.

! Extra \else.
\XML@doend ...ive \catcode `\^^I\active \fi \else 
                                                  \xdef \XML@tempa {\noexpan...
l.21 ...avegaci&#xF3;n</fo:basic-link></fo:inline>
                                                  <fo:inline keep-together.w...
I'm ignoring this; it doesn't match any \if.

! Missing \endcsname inserted.
<to be read again> 
                   :
l.21 ...inline keep-together.within-line="always">
                                                   <fo:leader leader-pattern...
The control sequence marked <to be read again> should
not appear between \csname and \endcsname.

! Extra \endcsname.
\XML@doelement ... E:\XML@this@element \endcsname 
                                                  
l.21 ...inline keep-together.within-line="always">
                                                   <fo:leader leader-pattern...
I'm ignoring this, since I wasn't doing a \csname.

! Extra }, or forgotten \endgroup.
<->\iffalse {\fi }
                  \XMLgrab@@ 
l.21 ...line keep-together.within-line="always"> <
                                                  fo:leader leader-pattern="...
I've deleted a group-closing symbol because it seems to be
spurious, as in `$x}$'. But perhaps the } is legitimate and
you forgot something else, as in `\hbox{$x}'. In such cases
the way to recover is to insert both the forgotten and the
deleted material, e.g., by typing `I$}'.

! Missing \endcsname inserted.
<to be read again> 
                   :
l.21 ...rea" keep-with-next.within-line="always"/>
                                                   <fo:basic-link internal-d...
The control sequence marked <to be read again> should
not appear between \csname and \endcsname.

! Extra \endcsname.
\XML@doelement ... E:\XML@this@element \endcsname 
                                                  
l.21 ...rea" keep-with-next.within-line="always"/>
                                                   <fo:basic-link internal-d...
I'm ignoring this, since I wasn't doing a \csname.

! Extra }, or forgotten \endgroup.
<->\iffalse {\fi }
                  \XMLgrab@@ 
l.21 ...rea" keep-with-next.within-line="always"/>
                                                   <fo:basic-link internal-d...
I've deleted a group-closing symbol because it seems to be
spurious, as in `$x}$'. But perhaps the } is legitimate and
you forgot something else, as in `\hbox{$x}'. In such cases
the way to recover is to insert both the forgotten and the
deleted material, e.g., by typing `I$}'.

! Extra }, or forgotten \endgroup.
<->\iffalse {\fi }
                  \XMLgrab@@ 
l.21 ...a" keep-with-next.within-line="always"/> <
                                                  fo:basic-link internal-des...
I've deleted a group-closing symbol because it seems to be
spurious, as in `$x}$'. But perhaps the } is legitimate and
you forgot something else, as in `\hbox{$x}'. In such cases
the way to recover is to insert both the forgotten and the
deleted material, e.g., by typing `I$}'.

! Missing \endcsname inserted.
<to be read again> 
                   :
l.21 ...n="samba-elecciones-para-navegaci&#xF3;n">
                                                  <fo:page-number-citation r...
The control sequence marked <to be read again> should
not appear between \csname and \endcsname.

! Extra \endcsname.
\XML@doelement ... E:\XML@this@element \endcsname 
                                                  
l.21 ...n="samba-elecciones-para-navegaci&#xF3;n">
                                                  <fo:page-number-citation r...
I'm ignoring this, since I wasn't doing a \csname.

! Extra }, or forgotten \endgroup.
<->\iffalse {\fi }
                  \XMLgrab@@ 
l.21 ...="samba-elecciones-para-navegaci&#xF3;n"><
                                                  fo:page-number-citation re...
I've deleted a group-closing symbol because it seems to be
spurious, as in `$x}$'. But perhaps the } is legitimate and
you forgot something else, as in `\hbox{$x}'. In such cases
the way to recover is to insert both the forgotten and the
deleted material, e.g., by typing `I$}'.

! Missing \endcsname inserted.
<to be read again> 
                   :
l.21 ...="samba-elecciones-para-navegaci&#xF3;n"/>
                                                  </fo:basic-link></fo:inlin...
The control sequence marked <to be read again> should
not appear between \csname and \endcsname.

! Extra \endcsname.
\XML@doelement ... E:\XML@this@element \endcsname 
                                                  
l.21 ...="samba-elecciones-para-navegaci&#xF3;n"/>
                                                  </fo:basic-link></fo:inlin...
I'm ignoring this, since I wasn't doing a \csname.

! Extra }, or forgotten \endgroup.
<->\iffalse {\fi }
                  \XMLgrab@@ 
l.21 ...="samba-elecciones-para-navegaci&#xF3;n"/>
                                                  </fo:basic-link></fo:inlin...
I've deleted a group-closing symbol because it seems to be
spurious, as in `$x}$'. But perhaps the } is legitimate and
you forgot something else, as in `\hbox{$x}'. In such cases
the way to recover is to insert both the forgotten and the
deleted material, e.g., by typing `I$}'.

! Undefined control sequence.
\fopagecitation ->\csname r@\FOrefid 
                                     \endcsname 
l.21 ...="samba-elecciones-para-navegaci&#xF3;n"/>
                                                  </fo:basic-link></fo:inlin...
The control sequence at the end of the top line
of your error message was never \def'ed. If you have
misspelled it (e.g., `\hobx'), type `I' and the correct
spelling (e.g., `I\hbox'). Otherwise just continue,
and I'll forget about whatever was undefined.

! Extra }, or forgotten \endgroup.
<->\iffalse {\fi }
                  \XMLgrab@@ 
l.21 ..."samba-elecciones-para-navegaci&#xF3;n"/><
                                                  /fo:basic-link></fo:inline...
I've deleted a group-closing symbol because it seems to be
spurious, as in `$x}$'. But perhaps the } is legitimate and
you forgot something else, as in `\hbox{$x}'. In such cases
the way to recover is to insert both the forgotten and the
deleted material, e.g., by typing `I$}'.

! Missing } inserted.
<inserted text> 
                }
l.21 ...es-para-navegaci&#xF3;n"/></fo:basic-link>
                                                  </fo:inline></fo:block><fo...
I've inserted something that you may have forgotten.
(See the <inserted text> above.)
With luck, this will get me unwedged. But if you
really didn't forget anything, try typing `2' now; then
my insertion and my current dilemma will both disappear.

! Missing } inserted.
<inserted text> 
                }
l.21 ...es-para-navegaci&#xF3;n"/></fo:basic-link>
                                                  </fo:inline></fo:block><fo...
I've inserted something that you may have forgotten.
(See the <inserted text> above.)
With luck, this will get me unwedged. But if you
really didn't forget anything, try typing `2' now; then
my insertion and my current dilemma will both disappear.

! Extra }, or forgotten \endgroup.
\pre@sequence ->{\XML@endgroup }
                                
l.21 ...es-para-navegaci&#xF3;n"/></fo:basic-link>
                                                  </fo:inline></fo:block><fo...
I've deleted a group-closing symbol because it seems to be
spurious, as in `$x}$'. But perhaps the } is legitimate and
you forgot something else, as in `\hbox{$x}'. In such cases
the way to recover is to insert both the forgotten and the
deleted material, e.g., by typing `I$}'.

! Extra }, or forgotten \endgroup.
\FO@inlinesequence ...me {\FOlabel \pre@sequence }
                                                  \else \ifx \FOverticalalig...
l.21 ...es-para-navegaci&#xF3;n"/></fo:basic-link>
                                                  </fo:inline></fo:block><fo...
I've deleted a group-closing symbol because it seems to be
spurious, as in `$x}$'. But perhaps the } is legitimate and
you forgot something else, as in `\hbox{$x}'. In such cases
the way to recover is to insert both the forgotten and the
deleted material, e.g., by typing `I$}'.

! Extra }, or forgotten \endgroup.
<->\iffalse {\fi }
                  \XMLgrab@@ 
l.21 ...s-para-navegaci&#xF3;n"/></fo:basic-link><
                                                  /fo:inline></fo:block><fo:...
I've deleted a group-closing symbol because it seems to be
spurious, as in `$x}$'. But perhaps the } is legitimate and
you forgot something else, as in `\hbox{$x}'. In such cases
the way to recover is to insert both the forgotten and the
deleted material, e.g., by typing `I$}'.

! Missing } inserted.
<inserted text> 
                }
l.21 ...gaci&#xF3;n"/></fo:basic-link></fo:inline>
                                                  </fo:block><fo:block xmlns...
I've inserted something that you may have forgotten.
(See the <inserted text> above.)
With luck, this will get me unwedged. But if you
really didn't forget anything, try typing `2' now; then
my insertion and my current dilemma will both disappear.

! Missing } inserted.
<inserted text> 
                }
l.21 ...gaci&#xF3;n"/></fo:basic-link></fo:inline>
                                                  </fo:block><fo:block xmlns...
I've inserted something that you may have forgotten.
(See the <inserted text> above.)
With luck, this will get me unwedged. But if you
really didn't forget anything, try typing `2' now; then
my insertion and my current dilemma will both disappear.

! Extra }, or forgotten \endgroup.
\pre@sequence ->{\XML@endgroup }
                                
l.21 ...gaci&#xF3;n"/></fo:basic-link></fo:inline>
                                                  </fo:block><fo:block xmlns...
I've deleted a group-closing symbol because it seems to be
spurious, as in `$x}$'. But perhaps the } is legitimate and
you forgot something else, as in `\hbox{$x}'. In such cases
the way to recover is to insert both the forgotten and the
deleted material, e.g., by typing `I$}'.

! Extra }, or forgotten \endgroup.
\FO@inlinesequence ...me {\FOlabel \pre@sequence }
                                                  \else \ifx \FOverticalalig...
l.21 ...gaci&#xF3;n"/></fo:basic-link></fo:inline>
                                                  </fo:block><fo:block xmlns...
I've deleted a group-closing symbol because it seems to be
spurious, as in `$x}$'. But perhaps the } is legitimate and
you forgot something else, as in `\hbox{$x}'. In such cases
the way to recover is to insert both the forgotten and the
deleted material, e.g., by typing `I$}'.

! Extra }, or forgotten \endgroup.
<->\iffalse {\fi }
                  \XMLgrab@@ 
l.21 ...aci&#xF3;n"/></fo:basic-link></fo:inline><
                                                  /fo:block><fo:block xmlns:...
I've deleted a group-closing symbol because it seems to be
spurious, as in `$x}$'. But perhaps the } is legitimate and
you forgot something else, as in `\hbox{$x}'. In such cases
the way to recover is to insert both the forgotten and the
deleted material, e.g., by typing `I$}'.


Underfull \hbox (badness 10000) has occurred while \output is active
[]/ptmr8t/Integraci^^f3n de
 []


Underfull \hbox (badness 10000) has occurred while \output is active
/ptmr8t/DAP, Samba,
 []


Underfull \hbox (badness 10000) has occurred while \output is active
[]/ptmr8t/Integraci^^f3n de
 []


Underfull \hbox (badness 10000) has occurred while \output is active
/ptmr8t/DAP, Samba,
 []


Underfull \hbox (badness 10000) has occurred while \output is active
[][][] []
 []


Underfull \hbox (badness 10000) has occurred while \output is active
[][] []
 []

 [4


]
Underfull \hbox (badness 10000) has occurred while \output is active
[]/ptmr8t/Integraci^^f3n de
 []


Underfull \hbox (badness 10000) has occurred while \output is active
/ptmr8t/DAP, Samba,
 []


Underfull \hbox (badness 10000) has occurred while \output is active
[]/ptmr8t/Integraci^^f3n de
 []


Underfull \hbox (badness 10000) has occurred while \output is active
/ptmr8t/DAP, Samba,
 []


Underfull \hbox (badness 10000) has occurred while \output is active
[][][] []
 []


Underfull \hbox (badness 10000) has occurred while \output is active
[][] []
 []

 [5


]
Underfull \hbox (badness 10000) has occurred while \output is active
/ptmr8t/con OpenL-DAP,
 []


Underfull \hbox (badness 10000) has occurred while \output is active
/ptmr8t/con OpenL-DAP,
 []

 [6


]
Underfull \hbox (badness 10000) has occurred while \output is active
[]/ptmr8t/Integraci^^f3n de
 []


Underfull \hbox (badness 10000) has occurred while \output is active
/ptmr8t/DAP, Samba,
 []


Underfull \hbox (badness 10000) has occurred while \output is active
[]/ptmr8t/Integraci^^f3n de
 []


Underfull \hbox (badness 10000) has occurred while \output is active
/ptmr8t/DAP, Samba,
 []


Underfull \hbox (badness 10000) has occurred while \output is active
[][][] []
 []


Underfull \hbox (badness 10000) has occurred while \output is active
[][] []
 []

 [7


]
Underfull \hbox (badness 10000) has occurred while \output is active
/ptmr8t/con OpenL-DAP,
 []


Underfull \hbox (badness 10000) has occurred while \output is active
/ptmr8t/con OpenL-DAP,
 []

 [8


]
Underfull \hbox (badness 10000) has occurred while \output is active
[]/ptmr8t/Integraci^^f3n de
 []


Underfull \hbox (badness 10000) has occurred while \output is active
/ptmr8t/DAP, Samba,
 []


Underfull \hbox (badness 10000) has occurred while \output is active
[]/ptmr8t/Integraci^^f3n de
 []


Underfull \hbox (badness 10000) has occurred while \output is active
/ptmr8t/DAP, Samba,
 []


Underfull \hbox (badness 10000) has occurred while \output is active
[][][] []
 []


Underfull \hbox (badness 10000) has occurred while \output is active
[][] []
 []

 [9


]
! Undefined control sequence.
\E/:5:block ...lways \samepage \fi \@whattodonext 
                                                  \ifx \FOspan \att@all \ifn...
l.28 ...ic-link></fo:inline></fo:block></fo:block>
                                                  </fo:flow></fo:page-sequen...
The control sequence at the end of the top line
of your error message was never \def'ed. If you have
misspelled it (e.g., `\hobx'), type `I' and the correct
spelling (e.g., `I\hbox'). Otherwise just continue,
and I'll forget about whatever was undefined.


Underfull \hbox (badness 10000) has occurred while \output is active
/ptmr8t/con OpenL-DAP,
 []


Underfull \hbox (badness 10000) has occurred while \output is active
/ptmr8t/con OpenL-DAP,
 []

 [10] )
(\end occurred when \ifx on line 21 was incomplete) 
Here is how much of TeX's memory you used:
 12372 strings out of 94880
 193646 string characters out of 1185855
 239492 words of memory out of 1000001
 15274 multiletter control sequences out of 10000+50000
 25259 words of font info for 46 fonts, out of 500000 for 1000
 14 hyphenation exceptions out of 1000
 38i,18n,32p,83394b,7930s stack positions out of 3000i,500n,5000p,200000b,15000s
 1387 PDF objects out of 300000
 512 named destinations out of 131072
 16 words of extra memory for PDF output out of 65536

! pdfTeX warning (dest): name{glosario} has been referenced but does not exist,
 replaced by a fixed one

! pdfTeX warning (dest): name{bibliografia} has been referenced but does not ex
ist, replaced by a fixed one

! pdfTeX warning (dest): name{copyright-pykota} has been referenced but does no
t exist, replaced by a fixed one

! pdfTeX warning (dest): name{copyright-cups-support} has been referenced but d
oes not exist, replaced by a fixed one

! pdfTeX warning (dest): name{copyright-cups-binary-distribution-rights} has be
en referenced but does not exist, replaced by a fixed one

! pdfTeX warning (dest): name{copyright-cups-trademarks} has been referenced bu
t does not exist, replaced by a fixed one

! pdfTeX warning (dest): name{copyright-cups-license-exceptions} has been refer
enced but does not exist, replaced by a fixed one

! pdfTeX warning (dest): name{copyright-cups-introduccion} has been referenced 
but does not exist, replaced by a fixed one

! pdfTeX warning (dest): name{copyright-cups} has been referenced but does not 
exist, replaced by a fixed one

! pdfTeX warning (dest): name{openldap-copyright-3} has been referenced but doe
s not exist, replaced by a fixed one

! pdfTeX warning (dest): name{openldap-copyright-2} has been referenced but doe
s not exist, replaced by a fixed one

! pdfTeX warning (dest): name{openldap-copyright-1} has been referenced but doe
s not exist, replaced by a fixed one

! pdfTeX warning (dest): name{copyright-openldap} has been referenced but does 
not exist, replaced by a fixed one

! pdfTeX warning (dest): name{apendice-de-copyrights} has been referenced but d
oes not exist, replaced by a fixed one

! pdfTeX warning (dest): name{licencia-openldap} has been referenced but does n
ot exist, replaced by a fixed one

! pdfTeX warning (dest): name{licencia-lgpl-section-16} has been referenced but
 does not exist, replaced by a fixed one

! pdfTeX warning (dest): name{licencia-lgpl-section-15} has been referenced but
 does not exist, replaced by a fixed one

! pdfTeX warning (dest): name{licencia-lgpl-section-14} has been referenced but
 does not exist, replaced by a fixed one

! pdfTeX warning (dest): name{licencia-lgpl-section-13} has been referenced but
 does not exist, replaced by a fixed one

! pdfTeX warning (dest): name{licencia-lgpl-section-12} has been referenced but
 does not exist, replaced by a fixed one

! pdfTeX warning (dest): name{licencia-lgpl-section-11} has been referenced but
 does not exist, replaced by a fixed one

! pdfTeX warning (dest): name{licencia-lgpl-section-10} has been referenced but
 does not exist, replaced by a fixed one

! pdfTeX warning (dest): name{licencia-lgpl-section-9} has been referenced but 
does not exist, replaced by a fixed one

! pdfTeX warning (dest): name{licencia-lgpl-section-8} has been referenced but 
does not exist, replaced by a fixed one

! pdfTeX warning (dest): name{licencia-lgpl-section-7} has been referenced but 
does not exist, replaced by a fixed one

! pdfTeX warning (dest): name{licencia-lgpl-section-6} has been referenced but 
does not exist, replaced by a fixed one

! pdfTeX warning (dest): name{licencia-lgpl-section-5} has been referenced but 
does not exist, replaced by a fixed one

! pdfTeX warning (dest): name{licencia-lgpl-section-4} has been referenced but 
does not exist, replaced by a fixed one

! pdfTeX warning (dest): name{licencia-lgpl-section-3} has been referenced but 
does not exist, replaced by a fixed one

! pdfTeX warning (dest): name{licencia-lgpl-section-2} has been referenced but 
does not exist, replaced by a fixed one

! pdfTeX warning (dest): name{licencia-lgpl-section-1} has been referenced but 
does not exist, replaced by a fixed one

! pdfTeX warning (dest): name{licencia-lgpl-section-0} has been referenced but 
does not exist, replaced by a fixed one

! pdfTeX warning (dest): name{licencia-lgpl-terms-and-conditions} has been refe
renced but does not exist, replaced by a fixed one

! pdfTeX warning (dest): name{licencia-lgpl-preamble} has been referenced but d
oes not exist, replaced by a fixed one

! pdfTeX warning (dest): name{licencia-lgpl} has been referenced but does not e
xist, replaced by a fixed one

! pdfTeX warning (dest): name{licencia-gpl-sect12} has been referenced but does
 not exist, replaced by a fixed one

! pdfTeX warning (dest): name{licencia-gpl-sect11} has been referenced but does
 not exist, replaced by a fixed one

! pdfTeX warning (dest): name{licencia-gpl-sect10} has been referenced but does
 not exist, replaced by a fixed one

! pdfTeX warning (dest): name{licencia-gpl-sect9} has been referenced but does 
not exist, replaced by a fixed one

! pdfTeX warning (dest): name{licencia-gpl-sect8} has been referenced but does 
not exist, replaced by a fixed one

! pdfTeX warning (dest): name{licencia-gpl-sect7} has been referenced but does 
not exist, replaced by a fixed one

! pdfTeX warning (dest): name{licencia-gpl-sect6} has been referenced but does 
not exist, replaced by a fixed one

! pdfTeX warning (dest): name{licencia-gpl-sect5} has been referenced but does 
not exist, replaced by a fixed one

! pdfTeX warning (dest): name{licencia-gpl-sect4} has been referenced but does 
not exist, replaced by a fixed one

! pdfTeX warning (dest): name{licencia-gpl-sect3} has been referenced but does 
not exist, replaced by a fixed one

! pdfTeX warning (dest): name{licencia-gpl-sect2} has been referenced but does 
not exist, replaced by a fixed one

! pdfTeX warning (dest): name{licencia-gpl-sect1} has been referenced but does 
not exist, replaced by a fixed one

! pdfTeX warning (dest): name{licencia-gpl-sect0} has been referenced but does 
not exist, replaced by a fixed one

! pdfTeX warning (dest): name{licencia-gpl-terms} has been referenced but does 
not exist, replaced by a fixed one

! pdfTeX warning (dest): name{licencia-gpl-preamble} has been referenced but do
es not exist, replaced by a fixed one

! pdfTeX warning (dest): name{licencia-gpl} has been referenced but does not ex
ist, replaced by a fixed one

! pdfTeX warning (dest): name{licencia-fdl-future-revisions-of-this-license} ha
s been referenced but does not exist, replaced by a fixed one

! pdfTeX warning (dest): name{licencia-fdl-termination} has been referenced but
 does not exist, replaced by a fixed one

! pdfTeX warning (dest): name{licencia-fdl-translation} has been referenced but
 does not exist, replaced by a fixed one

! pdfTeX warning (dest): name{licencia-fdl-aggregation-with-independent-works} 
has been referenced but does not exist, replaced by a fixed one

! pdfTeX warning (dest): name{licencia-fdl-collections-of-documents} has been r
eferenced but does not exist, replaced by a fixed one

! pdfTeX warning (dest): name{licencia-fdl-combining-documents} has been refere
nced but does not exist, replaced by a fixed one

! pdfTeX warning (dest): name{licencia-fdl-modifications} has been referenced b
ut does not exist, replaced by a fixed one

! pdfTeX warning (dest): name{licencia-fdl-copying-in-quantity} has been refere
nced but does not exist, replaced by a fixed one

! pdfTeX warning (dest): name{licencia-fdl-verbatim-copying} has been reference
d but does not exist, replaced by a fixed one

! pdfTeX warning (dest): name{licencia-fdl-applicability-and-definitions} has b
een referenced but does not exist, replaced by a fixed one

! pdfTeX warning (dest): name{licencia-fdl-preamble} has been referenced but do
es not exist, replaced by a fixed one

! pdfTeX warning (dest): name{apendice-de-licencias} has been referenced but do
es not exist, replaced by a fixed one

! pdfTeX warning (dest): name{hosts.deny} has been referenced but does not exis
t, replaced by a fixed one

! pdfTeX warning (dest): name{hosts.allow} has been referenced but does not exi
st, replaced by a fixed one

! pdfTeX warning (dest): name{smbldap-tools-smbldap_bind_conf} has been referen
ced but does not exist, replaced by a fixed one

! pdfTeX warning (dest): name{smbldap-tools-smbldap_conf} has been referenced b
ut does not exist, replaced by a fixed one

! pdfTeX warning (dest): name{phpldapadmin-template_config.php} has been refere
nced but does not exist, replaced by a fixed one

! pdfTeX warning (dest): name{phpldapadmin-config.php} has been referenced but 
does not exist, replaced by a fixed one

! pdfTeX warning (dest): name{ldap-account-manager_gsr_cfg} has been referenced
 but does not exist, replaced by a fixed one

! pdfTeX warning (dest): name{ldap-account-manager_config_cfg} has been referen
ced but does not exist, replaced by a fixed one

! pdfTeX warning (dest): name{pykota-pykotadmin-conf} has been referenced but d
oes not exist, replaced by a fixed one

! pdfTeX warning (dest): name{pykota-pykota-conf} has been referenced but does 
not exist, replaced by a fixed one

! pdfTeX warning (dest): name{cupsys-pam} has been referenced but does not exis
t, replaced by a fixed one

! pdfTeX warning (dest): name{samba-smb.conf-completo} has been referenced but 
does not exist, replaced by a fixed one

! pdfTeX warning (dest): name{samba-smb.conf-por-defecto} has been referenced b
ut does not exist, replaced by a fixed one

! pdfTeX warning (dest): name{samba-etc-default-samba} has been referenced but 
does not exist, replaced by a fixed one

! pdfTeX warning (dest): name{openldap-nscd_conf} has been referenced but does 
not exist, replaced by a fixed one

! pdfTeX warning (dest): name{openldap-pam-common-session} has been referenced 
but does not exist, replaced by a fixed one

! pdfTeX warning (dest): name{openldap-pam-common-password} has been referenced
 but does not exist, replaced by a fixed one

! pdfTeX warning (dest): name{openldap-pam-common-auth} has been referenced but
 does not exist, replaced by a fixed one

! pdfTeX warning (dest): name{openldap-pam-common-account} has been referenced 
but does not exist, replaced by a fixed one

! pdfTeX warning (dest): name{openldap-libnss-ldap.conf} has been referenced bu
t does not exist, replaced by a fixed one

! pdfTeX warning (dest): name{openldap-pam_ldap.conf} has been referenced but d
oes not exist, replaced by a fixed one

! pdfTeX warning (dest): name{openldap-nsswitch.conf} has been referenced but d
oes not exist, replaced by a fixed one

! pdfTeX warning (dest): name{openldap-etc-default-slapd} has been referenced b
ut does not exist, replaced by a fixed one

! pdfTeX warning (dest): name{openldap-ldap.conf} has been referenced but does 
not exist, replaced by a fixed one

! pdfTeX warning (dest): name{openldap-slapd.conf} has been referenced but does
 not exist, replaced by a fixed one

! pdfTeX warning (dest): name{openldap-configure.options} has been referenced b
ut does not exist, replaced by a fixed one

! pdfTeX warning (dest): name{apendice-archivos-configuracion} has been referen
ced but does not exist, replaced by a fixed one

! pdfTeX warning (dest): name{pykota-diff} has been referenced but does not exi
st, replaced by a fixed one

! pdfTeX warning (dest): name{cupsaddsmb} has been referenced but does not exis
t, replaced by a fixed one

! pdfTeX warning (dest): name{mover-controladores} has been referenced but does
 not exist, replaced by a fixed one

! pdfTeX warning (dest): name{uppercase} has been referenced but does not exist
, replaced by a fixed one

! pdfTeX warning (dest): name{smbldap-tools-mkntpasswd} has been referenced but
 does not exist, replaced by a fixed one

! pdfTeX warning (dest): name{smbldap-tools-instalacion} has been referenced bu
t does not exist, replaced by a fixed one

! pdfTeX warning (dest): name{smbldap-tools-introduccion} has been referenced b
ut does not exist, replaced by a fixed one

! pdfTeX warning (dest): name{smbldap-tools} has been referenced but does not e
xist, replaced by a fixed one

! pdfTeX warning (dest): name{phpldapadmin-acceso} has been referenced but does
 not exist, replaced by a fixed one

! pdfTeX warning (dest): name{phpldapadmin-configuracion-deb} has been referenc
ed but does not exist, replaced by a fixed one

! pdfTeX warning (dest): name{phpldapadmin-configuracion-source} has been refer
enced but does not exist, replaced by a fixed one

! pdfTeX warning (dest): name{phpldapadmin-configuracion} has been referenced b
ut does not exist, replaced by a fixed one

! pdfTeX warning (dest): name{phpldapadmin-instalacion-deb} has been referenced
 but does not exist, replaced by a fixed one

! pdfTeX warning (dest): name{phpldapadmin-instalacion-source} has been referen
ced but does not exist, replaced by a fixed one

! pdfTeX warning (dest): name{phpldapadmin-instalacion} has been referenced but
 does not exist, replaced by a fixed one

! pdfTeX warning (dest): name{phpldapadmin-instalacion-conf} has been reference
d but does not exist, replaced by a fixed one

! pdfTeX warning (dest): name{make-deleteHomedirectory} has been referenced but
 does not exist, replaced by a fixed one

! pdfTeX warning (dest): name{ldap-account-manager-conf-interfaz-web} has been 
referenced but does not exist, replaced by a fixed one

! pdfTeX warning (dest): name{ldap-account-manager-conf-introduccion} has been 
referenced but does not exist, replaced by a fixed one

! pdfTeX warning (dest): name{ldap-account-manager-configuracion} has been refe
renced but does not exist, replaced by a fixed one

! pdfTeX warning (dest): name{ldap-account-manager-instalacion} has been refere
nced but does not exist, replaced by a fixed one

! pdfTeX warning (dest): name{ldap-account-manager-instalacion-conf} has been r
eferenced but does not exist, replaced by a fixed one

! pdfTeX warning (dest): name{samba-xp-domain-member-reg} has been referenced b
ut does not exist, replaced by a fixed one

! pdfTeX warning (dest): name{samba-accediendo-swat} has been referenced but do
es not exist, replaced by a fixed one

! pdfTeX warning (dest): name{samba-configuracion-swat-xinetd} has been referen
ced but does not exist, replaced by a fixed one

! pdfTeX warning (dest): name{samba-configuracion-swat-inetd} has been referenc
ed but does not exist, replaced by a fixed one

! pdfTeX warning (dest): name{samba-configuracion-swat-x-inetd} has been refere
nced but does not exist, replaced by a fixed one

! pdfTeX warning (dest): name{samba-instalacion-swat} has been referenced but d
oes not exist, replaced by a fixed one

! pdfTeX warning (dest): name{samba-instalacion-swat-introduccion} has been ref
erenced but does not exist, replaced by a fixed one

! pdfTeX warning (dest): name{samba-instalacion-configuracion-swat} has been re
ferenced but does not exist, replaced by a fixed one

! pdfTeX warning (dest): name{samba-opciones-kernel-2.6} has been referenced bu
t does not exist, replaced by a fixed one

! pdfTeX warning (dest): name{samba-opciones-kernel-2.4} has been referenced bu
t does not exist, replaced by a fixed one

! pdfTeX warning (dest): name{samba-opciones-kernel} has been referenced but do
es not exist, replaced by a fixed one

! pdfTeX warning (dest): name{samba-ejecucion-xinetd-xinetd} has been reference
d but does not exist, replaced by a fixed one

! pdfTeX warning (dest): name{samba-ejecucion-xinetd-inetd} has been referenced
 but does not exist, replaced by a fixed one

! pdfTeX warning (dest): name{samba-ejecucion-xinetd-introduccion} has been ref
erenced but does not exist, replaced by a fixed one

! pdfTeX warning (dest): name{samba-ejecucion-xinetd} has been referenced but d
oes not exist, replaced by a fixed one

! pdfTeX warning (dest): name{openldap-nscd-configuracion} has been referenced 
but does not exist, replaced by a fixed one

! pdfTeX warning (dest): name{openldap-nscd-instalacion} has been referenced bu
t does not exist, replaced by a fixed one

! pdfTeX warning (dest): name{openldap-nscd-introduccion} has been referenced b
ut does not exist, replaced by a fixed one

! pdfTeX warning (dest): name{openldap-nscd} has been referenced but does not e
xist, replaced by a fixed one

! pdfTeX warning (dest): name{openldap-certificado-servidor} has been reference
d but does not exist, replaced by a fixed one

! pdfTeX warning (dest): name{apendice-otros-archivos} has been referenced but 
does not exist, replaced by a fixed one

! pdfTeX warning (dest): name{pykota-pruebas-usuario-printsaldo} has been refer
enced but does not exist, replaced by a fixed one

! pdfTeX warning (dest): name{pykota-pruebas-usuario-printquota} has been refer
enced but does not exist, replaced by a fixed one

! pdfTeX warning (dest): name{pykota-pruebas-intro} has been referenced but doe
s not exist, replaced by a fixed one

! pdfTeX warning (dest): name{pykota-probando} has been referenced but does not
 exist, replaced by a fixed one

! pdfTeX warning (dest): name{pykota-estableciendo-cuotas-usuarios} has been re
ferenced but does not exist, replaced by a fixed one

! pdfTeX warning (dest): name{pykota-estableciendo-cuotas-impresora} has been r
eferenced but does not exist, replaced by a fixed one

! pdfTeX warning (dest): name{pykota-estableciendo-cuotas-intro} has been refer
enced but does not exist, replaced by a fixed one

! pdfTeX warning (dest): name{pykota-estableciendo-cuotas} has been referenced 
but does not exist, replaced by a fixed one

! pdfTeX warning (dest): name{pykota-modificaciones-cups-aniadir-impresora} has
 been referenced but does not exist, replaced by a fixed one

! pdfTeX warning (dest): name{pykota-modificaciones-cups-cups} has been referen
ced but does not exist, replaced by a fixed one

! pdfTeX warning (dest): name{pykota-modificaciones-cups-intro} has been refere
nced but does not exist, replaced by a fixed one

! pdfTeX warning (dest): name{pykota-modificaciones-cups} has been referenced b
ut does not exist, replaced by a fixed one

! pdfTeX warning (dest): name{pykota-configuracion-repaso-conf2} has been refer
enced but does not exist, replaced by a fixed one

! pdfTeX warning (dest): name{pykota-configuracion-repaso-conf1} has been refer
enced but does not exist, replaced by a fixed one

! pdfTeX warning (dest): name{pykota-configuracion-repaso-conf} has been refere
nced but does not exist, replaced by a fixed one

! pdfTeX warning (dest): name{pykota-configuracion-usuarios} has been reference
d but does not exist, replaced by a fixed one

! pdfTeX warning (dest): name{pykota-configuracion-intro} has been referenced b
ut does not exist, replaced by a fixed one

! pdfTeX warning (dest): name{pykota-configuracion} has been referenced but doe
s not exist, replaced by a fixed one

! pdfTeX warning (dest): name{pykota-retoques-iniciales-ldif} has been referenc
ed but does not exist, replaced by a fixed one

! pdfTeX warning (dest): name{pykota-retoques-iniciales-ldap} has been referenc
ed but does not exist, replaced by a fixed one

! pdfTeX warning (dest): name{pykota-retoques-iniciales-intro} has been referen
ced but does not exist, replaced by a fixed one

! pdfTeX warning (dest): name{pykota-retoques-iniciales} has been referenced bu
t does not exist, replaced by a fixed one

! pdfTeX warning (dest): name{pykota-instalacion-inst} has been referenced but 
does not exist, replaced by a fixed one

! pdfTeX warning (dest): name{pykota-instalacion-intro} has been referenced but
 does not exist, replaced by a fixed one

! pdfTeX warning (dest): name{pykota-instalacion} has been referenced but does 
not exist, replaced by a fixed one

! pdfTeX warning (dest): name{pykota-obtencion-generacion-deb} has been referen
ced but does not exist, replaced by a fixed one

! pdfTeX warning (dest): name{pykota-obtencion-modificaciones} has been referen
ced but does not exist, replaced by a fixed one

! pdfTeX warning (dest): name{pykota-obtencion-descarga} has been referenced bu
t does not exist, replaced by a fixed one

! pdfTeX warning (dest): name{pykota-obtencio-generacion} has been referenced b
ut does not exist, replaced by a fixed one

! pdfTeX warning (dest): name{pykota-obtencion-introduccion} has been reference
d but does not exist, replaced by a fixed one

! pdfTeX warning (dest): name{pykota-obtencion} has been referenced but does no
t exist, replaced by a fixed one

! pdfTeX warning (dest): name{pykota-como-contactar} has been referenced but do
es not exist, replaced by a fixed one

! pdfTeX warning (dest): name{pykota-reporte-de-bugs} has been referenced but d
oes not exist, replaced by a fixed one

! pdfTeX warning (dest): name{pykota-informacion-de-soporte} has been reference
d but does not exist, replaced by a fixed one

! pdfTeX warning (dest): name{pykota-documentacion} has been referenced but doe
s not exist, replaced by a fixed one

! pdfTeX warning (dest): name{pykota-como-obtener-pykota} has been referenced b
ut does not exist, replaced by a fixed one

! pdfTeX warning (dest): name{pykota-pagina-principal} has been referenced but 
does not exist, replaced by a fixed one

! pdfTeX warning (dest): name{pykota-informacion-adicional-sobre-el-proyecto} h
as been referenced but does not exist, replaced by a fixed one

! pdfTeX warning (dest): name{pykota-interfaz-de-usuario} has been referenced b
ut does not exist, replaced by a fixed one

! pdfTeX warning (dest): name{pykota-administracion} has been referenced but do
es not exist, replaced by a fixed one

! pdfTeX warning (dest): name{pykota-sistemas-de-quotas} has been referenced bu
t does not exist, replaced by a fixed one

! pdfTeX warning (dest): name{pykota-impresoras} has been referenced but does n
ot exist, replaced by a fixed one

! pdfTeX warning (dest): name{pykota-bases-de-datos} has been referenced but do
es not exist, replaced by a fixed one

! pdfTeX warning (dest): name{pykota-sistemas-de-impresion} has been referenced
 but does not exist, replaced by a fixed one

! pdfTeX warning (dest): name{pykota-sistemas-operativos} has been referenced b
ut does not exist, replaced by a fixed one

! pdfTeX warning (dest): name{pykota-caracteristicas-y-funcionalidades} has bee
n referenced but does not exist, replaced by a fixed one

! pdfTeX warning (dest): name{pykota-comparativa-soluciones} has been reference
d but does not exist, replaced by a fixed one

! pdfTeX warning (dest): name{pykota-aplicaciones-existentes} has been referenc
ed but does not exist, replaced by a fixed one

! pdfTeX warning (dest): name{pykota-vision-general-introduccion} has been refe
renced but does not exist, replaced by a fixed one

! pdfTeX warning (dest): name{pykota-vision-general} has been referenced but do
es not exist, replaced by a fixed one

! pdfTeX warning (dest): name{pykota-parte} has been referenced but does not ex
ist, replaced by a fixed one

! pdfTeX warning (dest): name{cups-configuracion-impresion-samba} has been refe
renced but does not exist, replaced by a fixed one

! pdfTeX warning (dest): name{cups-configuracion-controladores-cupsaddsmb} has 
been referenced but does not exist, replaced by a fixed one

! pdfTeX warning (dest): name{cups-configuracion-controladores-adobe} has been 
referenced but does not exist, replaced by a fixed one

! pdfTeX warning (dest): name{cups-configuracion-controladores-cups} has been r
eferenced but does not exist, replaced by a fixed one

! pdfTeX warning (dest): name{cups-configuracion-controladores} has been refere
nced but does not exist, replaced by a fixed one

! pdfTeX warning (dest): name{cups-configuracion-adicion-clases} has been refer
enced but does not exist, replaced by a fixed one

! pdfTeX warning (dest): name{cups-configuracion-adicion-impresoras-1} has been
 referenced but does not exist, replaced by a fixed one

! pdfTeX warning (dest): name{cups-configuracion-adicion-impresoras} has been r
eferenced but does not exist, replaced by a fixed one

! pdfTeX warning (dest): name{cups-configuracion-modificacion-conf-samba} has b
een referenced but does not exist, replaced by a fixed one

! pdfTeX warning (dest): name{cups-configuracion-modificacion-conf-pam} has bee
n referenced but does not exist, replaced by a fixed one

! pdfTeX warning (dest): name{cups-configuracion-modificacion-conf} has been re
ferenced but does not exist, replaced by a fixed one

! pdfTeX warning (dest): name{cups-configuracion-comprobacion} has been referen
ced but does not exist, replaced by a fixed one

! pdfTeX warning (dest): name{cups-configuracion-intro} has been referenced but
 does not exist, replaced by a fixed one

! pdfTeX warning (dest): name{cups-configuracion} has been referenced but does 
not exist, replaced by a fixed one

! pdfTeX warning (dest): name{cups-instalacion-inst-cups-pdf} has been referenc
ed but does not exist, replaced by a fixed one

! pdfTeX warning (dest): name{cups-instalacion-inst} has been referenced but do
es not exist, replaced by a fixed one

! pdfTeX warning (dest): name{cups-instalacion-eleccion-lista-final} has been r
eferenced but does not exist, replaced by a fixed one

! pdfTeX warning (dest): name{cups-instalacion-eleccion-cupsomatic-ppd} has bee
n referenced but does not exist, replaced by a fixed one

! pdfTeX warning (dest): name{cups-instalacion-eleccion-foomatic-bin} has been 
referenced but does not exist, replaced by a fixed one

! pdfTeX warning (dest): name{cups-instalacion-eleccion-cupsys-driver-gimpprint
} has been referenced but does not exist, replaced by a fixed one

! pdfTeX warning (dest): name{cups-instalacion-eleccion-cupsys-bsd} has been re
ferenced but does not exist, replaced by a fixed one

! pdfTeX warning (dest): name{cups-instalacion-eleccion-cupsys-client} has been
 referenced but does not exist, replaced by a fixed one

! pdfTeX warning (dest): name{cups-instalacion-eleccion-gs-esp} has been refere
nced but does not exist, replaced by a fixed one

! pdfTeX warning (dest): name{cups-instalacion-eleccion} has been referenced bu
t does not exist, replaced by a fixed one

! pdfTeX warning (dest): name{cups-instalacion-intro} has been referenced but d
oes not exist, replaced by a fixed one

! pdfTeX warning (dest): name{cups-instalacion} has been referenced but does no
t exist, replaced by a fixed one

! pdfTeX warning (dest): name{cups-como-contactar} has been referenced but does
 not exist, replaced by a fixed one

! pdfTeX warning (dest): name{cups-reporte-de-bugs} has been referenced but doe
s not exist, replaced by a fixed one

! pdfTeX warning (dest): name{cups-informacion-de-soporte} has been referenced 
but does not exist, replaced by a fixed one

! pdfTeX warning (dest): name{cups-documentacion-info} has been referenced but 
does not exist, replaced by a fixed one

! pdfTeX warning (dest): name{cups-como-obtener-cups} has been referenced but d
oes not exist, replaced by a fixed one

! pdfTeX warning (dest): name{cups-pagina-principal} has been referenced but do
es not exist, replaced by a fixed one

! pdfTeX warning (dest): name{cups-informacion-adicional-sobre-el-proyecto} has
 been referenced but does not exist, replaced by a fixed one

! pdfTeX warning (dest): name{cups-interfaz-administracion-web} has been refere
nced but does not exist, replaced by a fixed one

! pdfTeX warning (dest): name{cups-definicion-impresoras-y-opciones-por-el-usua
rio} has been referenced but does not exist, replaced by a fixed one

! pdfTeX warning (dest): name{cups-soporte-cliente-lpd} has been referenced but
 does not exist, replaced by a fixed one

! pdfTeX warning (dest): name{cups-persistencia-de-trabajos} has been reference
d but does not exist, replaced by a fixed one

! pdfTeX warning (dest): name{cups-soporte-ipp} has been referenced but does no
t exist, replaced by a fixed one

! pdfTeX warning (dest): name{cups-nuevos-filtros} has been referenced but does
 not exist, replaced by a fixed one

! pdfTeX warning (dest): name{cups-controladores} has been referenced but does 
not exist, replaced by a fixed one

! pdfTeX warning (dest): name{cups-documentacion} has been referenced but does 
not exist, replaced by a fixed one

! pdfTeX warning (dest): name{cups-cambios-en-la-estructura-de-directorios} has
 been referenced but does not exist, replaced by a fixed one

! pdfTeX warning (dest): name{cups-servicios-de-directorio} has been referenced
 but does not exist, replaced by a fixed one

! pdfTeX warning (dest): name{cups-autentificacion-en-modo-digest} has been ref
erenced but does not exist, replaced by a fixed one

! pdfTeX warning (dest): name{cups-soporte-de-paginas-de-separacion} has been r
eferenced but does not exist, replaced by a fixed one

! pdfTeX warning (dest): name{cups-nuevos-backends} has been referenced but doe
s not exist, replaced by a fixed one

! pdfTeX warning (dest): name{cups-nuevas-caracteristicas-en-cups1.1} has been 
referenced but does not exist, replaced by a fixed one

! pdfTeX warning (dest): name{cups-impresion-en-red} has been referenced but do
es not exist, replaced by a fixed one

! pdfTeX warning (dest): name{cups-backends} has been referenced but does not e
xist, replaced by a fixed one

! pdfTeX warning (dest): name{cups-imagenes-en-cups} has been referenced but do
es not exist, replaced by a fixed one

! pdfTeX warning (dest): name{cups-filtros} has been referenced but does not ex
ist, replaced by a fixed one

! pdfTeX warning (dest): name{cups-comandos-de-berkeley-y-system-v} has been re
ferenced but does not exist, replaced by a fixed one

! pdfTeX warning (dest): name{cups-api-cups} has been referenced but does not e
xist, replaced by a fixed one

! pdfTeX warning (dest): name{cups-archivos-configuracion} has been referenced 
but does not exist, replaced by a fixed one

! pdfTeX warning (dest): name{cups-planificador} has been referenced but does n
ot exist, replaced by a fixed one

! pdfTeX warning (dest): name{cups-vision-general-del-disenio} has been referen
ced but does not exist, replaced by a fixed one

! pdfTeX warning (dest): name{cups-historia} has been referenced but does not e
xist, replaced by a fixed one

! pdfTeX warning (dest): name{cups-trasfondo-historico} has been referenced but
 does not exist, replaced by a fixed one

! pdfTeX warning (dest): name{cups-conceptos-teoricos-introduccion} has been re
ferenced but does not exist, replaced by a fixed one

! pdfTeX warning (dest): name{cups-conceptos-teoricos} has been referenced but 
does not exist, replaced by a fixed one

! pdfTeX warning (dest): name{cups-parte} has been referenced but does not exis
t, replaced by a fixed one

! pdfTeX warning (dest): name{samba-aniadiendo-clientes-dominio-winxp} has been
 referenced but does not exist, replaced by a fixed one

! pdfTeX warning (dest): name{samba-aniadiendo-clientes-dominio-win2k-union-dom
inio} has been referenced but does not exist, replaced by a fixed one

! pdfTeX warning (dest): name{samba-aniadiendo-clientes-dominio-win2k-usuario-r
oot} has been referenced but does not exist, replaced by a fixed one

! pdfTeX warning (dest): name{samba-aniadiendo-clientes-dominio-win2k} has been
 referenced but does not exist, replaced by a fixed one

! pdfTeX warning (dest): name{samba-aniadiendo-clientes-dominio-winnt-union-dom
inio} has been referenced but does not exist, replaced by a fixed one

! pdfTeX warning (dest): name{samba-aniadiendo-clientes-dominio-winnt-creaacion
-cuentas-maquina} has been referenced but does not exist, replaced by a fixed o
ne

! pdfTeX warning (dest): name{samba-aniadiendo-clientes-dominio-winnt} has been
 referenced but does not exist, replaced by a fixed one

! pdfTeX warning (dest): name{samba-aniadiendo-clientes-dominio-win9598me} has 
been referenced but does not exist, replaced by a fixed one

! pdfTeX warning (dest): name{samba-aniadiendo-clientes-dominio-introduccion} h
as been referenced but does not exist, replaced by a fixed one

! pdfTeX warning (dest): name{samba-aniadiendo-clientes-dominio} has been refer
enced but does not exist, replaced by a fixed one

! pdfTeX warning (dest): name{samba-configuracion-samba-opciones-ldap-prueba-fu
ncionamiento-acceso-samba-konqueror} has been referenced but does not exist, re
placed by a fixed one

! pdfTeX warning (dest): name{samba-configuracion-samba-opciones-ldap-prueba-fu
ncionamiento-acceso-samba-smbclient} has been referenced but does not exist, re
placed by a fixed one

! pdfTeX warning (dest): name{samba-configuracion-samba-opciones-ldap-prueba-fu
ncionamiento-acceso-samba} has been referenced but does not exist, replaced by 
a fixed one

! pdfTeX warning (dest): name{samba-configuracion-samba-opciones-ldap-prueba-fu
ncionamiento-acceso-unix} has been referenced but does not exist, replaced by a
 fixed one

! pdfTeX warning (dest): name{samba-configuracion-samba-opciones-ldap-prueba-fu
ncionamiento-adduser} has been referenced but does not exist, replaced by a fix
ed one

! pdfTeX warning (dest): name{samba-comprobacion-funcionamiento-conf} has been 
referenced but does not exist, replaced by a fixed one

! pdfTeX warning (dest): name{samba-comprobacion-funcionamiento-introduccion} h
as been referenced but does not exist, replaced by a fixed one

! pdfTeX warning (dest): name{samba-comprobacion} has been referenced but does 
not exist, replaced by a fixed one

! pdfTeX warning (dest): name{samba-ajustes-finales-sistema-directorios-samba} 
has been referenced but does not exist, replaced by a fixed one

! pdfTeX warning (dest): name{samba-ajustes-finales-sistema-slapdconf-index} ha
s been referenced but does not exist, replaced by a fixed one

! pdfTeX warning (dest): name{samba-ajustes-finales-sistema-slapdconf-acl} has 
been referenced but does not exist, replaced by a fixed one

! pdfTeX warning (dest): name{samba-ajustes-finales-sistema-clave-admin-ldap} h
as been referenced but does not exist, replaced by a fixed one

! pdfTeX warning (dest): name{samba-ajustes-finales-sistema-intro} has been ref
erenced but does not exist, replaced by a fixed one

! pdfTeX warning (dest): name{samba-ajustes-finales-sistema} has been reference
d but does not exist, replaced by a fixed one

! pdfTeX warning (dest): name{samba-configuracion-samba-opciones-seccion-cdrom}
 has been referenced but does not exist, replaced by a fixed one

! pdfTeX warning (dest): name{samba-configuracion-samba-opciones-seccion-tmp} h
as been referenced but does not exist, replaced by a fixed one

! pdfTeX warning (dest): name{samba-configuracion-samba-opciones-seccion-print}
 has been referenced but does not exist, replaced by a fixed one

! pdfTeX warning (dest): name{samba-configuracion-samba-opciones-seccion-printe
rs} has been referenced but does not exist, replaced by a fixed one

! pdfTeX warning (dest): name{samba-configuracion-samba-opciones-seccion-profil
es} has been referenced but does not exist, replaced by a fixed one

! pdfTeX warning (dest): name{samba-configuracion-samba-opciones-seccion-netlog
on} has been referenced but does not exist, replaced by a fixed one

! pdfTeX warning (dest): name{samba-configuracion-samba-opciones-seccion-homes}
 has been referenced but does not exist, replaced by a fixed one

! pdfTeX warning (dest): name{samba-configuracion-samba-opciones-seccion-global
} has been referenced but does not exist, replaced by a fixed one

! pdfTeX warning (dest): name{samba-configuracion-samba-opciones-introduccion} 
has been referenced but does not exist, replaced by a fixed one

! pdfTeX warning (dest): name{samba-configuracion-samba-opciones} has been refe
renced but does not exist, replaced by a fixed one

! pdfTeX warning (dest): name{samba-configuracion-comprobar-smb.conf} has been 
referenced but does not exist, replaced by a fixed one

! pdfTeX warning (dest): name{samba-configuracion-sintaxis-smb.conf} has been r
eferenced but does not exist, replaced by a fixed one

! pdfTeX warning (dest): name{samba-configuracion-estructura-smb.conf} has been
 referenced but does not exist, replaced by a fixed one

! pdfTeX warning (dest): name{samba-configuracion-samba-introduccion} has been 
referenced but does not exist, replaced by a fixed one

! pdfTeX warning (dest): name{samba-configuracion-samba} has been referenced bu
t does not exist, replaced by a fixed one

! pdfTeX warning (dest): name{samba-ajustes-ldap} has been referenced but does 
not exist, replaced by a fixed one

! pdfTeX warning (dest): name{samba-instalacion-pasos-cliente} has been referen
ced but does not exist, replaced by a fixed one

! pdfTeX warning (dest): name{samba-instalacion-pasos-servidor} has been refere
nced but does not exist, replaced by a fixed one

! pdfTeX warning (dest): name{samba-instalacion-pasos} has been referenced but 
does not exist, replaced by a fixed one

! pdfTeX warning (dest): name{samba-instalacion-consideraciones-previas} has be
en referenced but does not exist, replaced by a fixed one

! pdfTeX warning (dest): name{samba-instalacion-samba} has been referenced but 
does not exist, replaced by a fixed one

! pdfTeX warning (dest): name{samba-como-contactar} has been referenced but doe
s not exist, replaced by a fixed one

! pdfTeX warning (dest): name{samba-reporte-de-bugs} has been referenced but do
es not exist, replaced by a fixed one

! pdfTeX warning (dest): name{samba-informacion-de-soporte} has been referenced
 but does not exist, replaced by a fixed one

! pdfTeX warning (dest): name{samba-documentacion} has been referenced but does
 not exist, replaced by a fixed one

! pdfTeX warning (dest): name{samba-obtener-samba} has been referenced but does
 not exist, replaced by a fixed one

! pdfTeX warning (dest): name{samba-pagina-principal} has been referenced but d
oes not exist, replaced by a fixed one

! pdfTeX warning (dest): name{samba-informacion-adicional-sobre-el-proyecto} ha
s been referenced but does not exist, replaced by a fixed one

! pdfTeX warning (dest): name{samba-vision-general-de-samba} has been reference
d but does not exist, replaced by a fixed one

! pdfTeX warning (dest): name{samba-que-puede-hacer-samba} has been referenced 
but does not exist, replaced by a fixed one

! pdfTeX warning (dest): name{samba-novedades-de-samba-3.0} has been referenced
 but does not exist, replaced by a fixed one

! pdfTeX warning (dest): name{samba-y-mas} has been referenced but does not exi
st, replaced by a fixed one

! pdfTeX warning (dest): name{samba-extensiones-cifs-en-unix} has been referenc
ed but does not exist, replaced by a fixed one

! pdfTeX warning (dest): name{samba-integracion-con-winbind} has been reference
d but does not exist, replaced by a fixed one

! pdfTeX warning (dest): name{samba-soporte-herramientas-de-administracion-de-c
lientes} has been referenced but does not exist, replaced by a fixed one

! pdfTeX warning (dest): name{samba-acls} has been referenced but does not exis
t, replaced by a fixed one

! pdfTeX warning (dest): name{samba-soporte-de-impresion-en-windows-nt-2000-xp}
 has been referenced but does not exist, replaced by a fixed one

! pdfTeX warning (dest): name{samba-soporte-dfs} has been referenced but does n
ot exist, replaced by a fixed one

! pdfTeX warning (dest): name{samba-soporte-pdc-para-clientes-w2k-xp} has been 
referenced but does not exist, replaced by a fixed one

! pdfTeX warning (dest): name{samba-novedades-de-samba-2.2} has been referenced
 but does not exist, replaced by a fixed one

! pdfTeX warning (dest): name{samba-dominios-de-windows-nt} has been referenced
 but does not exist, replaced by a fixed one

! pdfTeX warning (dest): name{samba-autentificacion-windows-95-98-me} has been 
referenced but does not exist, replaced by a fixed one

! pdfTeX warning (dest): name{UNDEFINED} has been referenced but does not exist
, replaced by a fixed one

! pdfTeX warning (dest): name{samba-elecciones-para-navegaci\begingroup \upperc
ase {\count@ "F3}\relax \relax \uccode `\unhbox \voidb@x \bgroup \let \unhbox \
voidb@x \setbox \@tempboxa \hbox {\count@ \global \mathchardef \accent@spacefac
tor \spacefactor }\accent 3 \count@ \egroup \spacefactor \accent@spacefactor \u
ppercase {\gdef ~{\par }}\endgroup n} has been referenced but does not exist, r
eplaced by a fixed one

! pdfTeX warning (dest): name{samba-navegando} has been referenced but does not
 exist, replaced by a fixed one

! pdfTeX warning (dest): name{samba-grupos-de-trabajo-windows} has been referen
ced but does not exist, replaced by a fixed one

! pdfTeX warning (dest): name{samba-grupos-de-trabajo-y-dominios-windows} has b
een referenced but does not exist, replaced by a fixed one

! pdfTeX warning (dest): name{samba-datagramas-y-sesiones} has been referenced 
but does not exist, replaced by a fixed one

! pdfTeX warning (dest): name{samba-scope-id} has been referenced but does not 
exist, replaced by a fixed one

! pdfTeX warning (dest): name{samba-que-hay-en-un-nombre} has been referenced b
ut does not exist, replaced by a fixed one

! pdfTeX warning (dest): name{samba-tipos-de-nodos} has been referenced but doe
s not exist, replaced by a fixed one

! pdfTeX warning (dest): name{samba-obteniendo-un-nombre} has been referenced b
ut does not exist, replaced by a fixed one

! pdfTeX warning (dest): name{samba-comprendiendo-netbios} has been referenced 
but does not exist, replaced by a fixed one

! pdfTeX warning (dest): name{samba-familiarizandose-con-una-red-smb} has been 
referenced but does not exist, replaced by a fixed one

! pdfTeX warning (dest): name{samba-viendo-las-cosas-desde-unix} has been refer
enced but does not exist, replaced by a fixed one

! pdfTeX warning (dest): name{samba-compartiendo-una-impresora} has been refere
nced but does not exist, replaced by a fixed one

! pdfTeX warning (dest): name{samba-compartiendo-un-disco} has been referenced 
but does not exist, replaced by a fixed one

! pdfTeX warning (dest): name{samba-que-puede-hacer-por-mi} has been referenced
 but does not exist, replaced by a fixed one

! pdfTeX warning (dest): name{samba-que-es} has been referenced but does not ex
ist, replaced by a fixed one

! pdfTeX warning (dest): name{samba-conceptos-teoricos-introduccion} has been r
eferenced but does not exist, replaced by a fixed one

! pdfTeX warning (dest): name{samba-conceptos-teoricos} has been referenced but
 does not exist, replaced by a fixed one

! pdfTeX warning (dest): name{samba-parte} has been referenced but does not exi
st, replaced by a fixed one

! pdfTeX warning (dest): name{openldap-autentificacion-usuarios-configuracion-p
am} has been referenced but does not exist, replaced by a fixed one

! pdfTeX warning (dest): name{openldap-autentificacion-usuarios-configuracion-n
sswitch} has been referenced but does not exist, replaced by a fixed one

! pdfTeX warning (dest): name{openldap-autentificacion-usuarios-configuracion} 
has been referenced but does not exist, replaced by a fixed one

! pdfTeX warning (dest): name{openldap-autentificacion-usuarios-instalacion-nss
-ldap} has been referenced but does not exist, replaced by a fixed one

! pdfTeX warning (dest): name{openldap-autentificacion-usuarios-instalacion-pam
-ldap} has been referenced but does not exist, replaced by a fixed one

! pdfTeX warning (dest): name{openldap-autentificacion-usuarios-instalacion} ha
s been referenced but does not exist, replaced by a fixed one

! pdfTeX warning (dest): name{openldap-autentificacion-usuarios-introduccion} h
as been referenced but does not exist, replaced by a fixed one

! pdfTeX warning (dest): name{openldap-autentificacion-usuarios} has been refer
enced but does not exist, replaced by a fixed one

! pdfTeX warning (dest): name{openldap-certificados-probando-servidor} has been
 referenced but does not exist, replaced by a fixed one

! pdfTeX warning (dest): name{openldap-certificados-configuracion-openldap-resu
men} has been referenced but does not exist, replaced by a fixed one

! pdfTeX warning (dest): name{openldap-certificados-configuracion-openldap-sche
ma} has been referenced but does not exist, replaced by a fixed one

! pdfTeX warning (dest): name{openldap-certificados-configuracion-openldap-clie
nte} has been referenced but does not exist, replaced by a fixed one

! pdfTeX warning (dest): name{openldap-certificados-configuracion-openldap-serv
idor} has been referenced but does not exist, replaced by a fixed one

! pdfTeX warning (dest): name{openldap-certificados-configuracion-openldap} has
 been referenced but does not exist, replaced by a fixed one

! pdfTeX warning (dest): name{openldap-certificados-creacion-certificado-client
e} has been referenced but does not exist, replaced by a fixed one

! pdfTeX warning (dest): name{openldap-certificados-creacion-certificado-entida
d-certifificadora} has been referenced but does not exist, replaced by a fixed 
one

! pdfTeX warning (dest): name{openldap-certificados-creacion-certificado-autofi
rmado} has been referenced but does not exist, replaced by a fixed one

! pdfTeX warning (dest): name{openldap-certificados-creacion-certificado} has b
een referenced but does not exist, replaced by a fixed one

! pdfTeX warning (dest): name{openldap-certificados-introduccion} has been refe
renced but does not exist, replaced by a fixed one

! pdfTeX warning (dest): name{openldap-certificados-openldap} has been referenc
ed but does not exist, replaced by a fixed one

! pdfTeX warning (dest): name{openldap-configuracion-slapd.conf} has been refer
enced but does not exist, replaced by a fixed one

! pdfTeX warning (dest): name{openldap-configuracion-ldap.conf} has been refere
nced but does not exist, replaced by a fixed one

! pdfTeX warning (dest): name{openldap-configuracion-especificacion-interfaz} h
as been referenced but does not exist, replaced by a fixed one

! pdfTeX warning (dest): name{openldap-configuracion-cambio-usuario} has been r
eferenced but does not exist, replaced by a fixed one

! pdfTeX warning (dest): name{openldap-configuracion-etc-default-slapd} has bee
n referenced but does not exist, replaced by a fixed one

! pdfTeX warning (dest): name{openldap-configuracion-openldap} has been referen
ced but does not exist, replaced by a fixed one

! pdfTeX warning (dest): name{openldap-instalacion-comprobaciones-iniciales-con
ectando} has been referenced but does not exist, replaced by a fixed one

! pdfTeX warning (dest): name{openldap-instalacion-comprobaciones-iniciales-eje
cucion} has been referenced but does not exist, replaced by a fixed one

! pdfTeX warning (dest): name{openldap-instalacion-comprobaciones-iniciales} ha
s been referenced but does not exist, replaced by a fixed one

! pdfTeX warning (dest): name{openldap-instalacion-slapd-observaciones-a-la-ins
talacion} has been referenced but does not exist, replaced by a fixed one

! pdfTeX warning (dest): name{openldap-instalacion-pasos-slapd-ldap-utils} has 
been referenced but does not exist, replaced by a fixed one

! pdfTeX warning (dest): name{openldap-instalacion-pasos} has been referenced b
ut does not exist, replaced by a fixed one

! pdfTeX warning (dest): name{openldap-instalacion-consideraciones-previas} has
 been referenced but does not exist, replaced by a fixed one

! pdfTeX warning (dest): name{openldap-instalacion-openldap} has been reference
d but does not exist, replaced by a fixed one

! pdfTeX warning (dest): name{openldap-como-contactar} has been referenced but 
does not exist, replaced by a fixed one

! pdfTeX warning (dest): name{openldap-reporte-de-bugs} has been referenced but
 does not exist, replaced by a fixed one

! pdfTeX warning (dest): name{openldap-informacion-de-soporte} has been referen
ced but does not exist, replaced by a fixed one

! pdfTeX warning (dest): name{openldap-documentacion} has been referenced but d
oes not exist, replaced by a fixed one

! pdfTeX warning (dest): name{openldap-como-obtener-openldap} has been referenc
ed but does not exist, replaced by a fixed one

! pdfTeX warning (dest): name{openldap-pagina-principal} has been referenced bu
t does not exist, replaced by a fixed one

! pdfTeX warning (dest): name{openldap-informacion-adicional-sobre-el-proyecto}
 has been referenced but does not exist, replaced by a fixed one

! pdfTeX warning (dest): name{openldap_slurpd} has been referenced but does not
 exist, replaced by a fixed one

! pdfTeX warning (dest): name{openldap-configuracion} has been referenced but d
oes not exist, replaced by a fixed one

! pdfTeX warning (dest): name{openldap-proxy-cache} has been referenced but doe
s not exist, replaced by a fixed one

! pdfTeX warning (dest): name{openldap-replicacion} has been referenced but doe
s not exist, replaced by a fixed one

! pdfTeX warning (dest): name{openldap-hilos} has been referenced but does not 
exist, replaced by a fixed one

! pdfTeX warning (dest): name{openldap-ip-generica-de-modulos} has been referen
ced but does not exist, replaced by a fixed one

! pdfTeX warning (dest): name{openldap-muchas-instancias-de-bases-de-datos} has
 been referenced but does not exist, replaced by a fixed one

! pdfTeX warning (dest): name{openldap-eleccion-backend-bbdd} has been referenc
ed but does not exist, replaced by a fixed one

! pdfTeX warning (dest): name{openldap-internacionalizacion} has been reference
d but does not exist, replaced by a fixed one

! pdfTeX warning (dest): name{openldap-control-de-acceso} has been referenced b
ut does not exist, replaced by a fixed one

! pdfTeX warning (dest): name{openldap-control-topologico} has been referenced 
but does not exist, replaced by a fixed one

! pdfTeX warning (dest): name{openldap-tls} has been referenced but does not ex
ist, replaced by a fixed one

! pdfTeX warning (dest): name{openldap-sasl} has been referenced but does not e
xist, replaced by a fixed one

! pdfTeX warning (dest): name{openldap-ldapv3} has been referenced but does not
 exist, replaced by a fixed one

! pdfTeX warning (dest): name{openldap-que-es-slapd} has been referenced but do
es not exist, replaced by a fixed one

! pdfTeX warning (dest): name{openldap-diferencia-v2-v3} has been referenced bu
t does not exist, replaced by a fixed one

! pdfTeX warning (dest): name{openldap-x.500} has been referenced but does not 
exist, replaced by a fixed one

! pdfTeX warning (dest): name{openldap-como-trabaja} has been referenced but do
es not exist, replaced by a fixed one

! pdfTeX warning (dest): name{openldap-como-proteger-informacion-accesos-no-aut
orizados} has been referenced but does not exist, replaced by a fixed one

! pdfTeX warning (dest): name{openldap-como-se-accede-a-la-informacion} has bee
n referenced but does not exist, replaced by a fixed one

! pdfTeX warning (dest): name{openldap-como-es-referenciada-la-informacion} has
 been referenced but does not exist, replaced by a fixed one

! pdfTeX warning (dest): name{openldap-como-se-almacena-la-informacion} has bee
n referenced but does not exist, replaced by a fixed one

! pdfTeX warning (dest): name{openldap-tipo-informacion-se-puede-almacenar-dire
ctorio} has been referenced but does not exist, replaced by a fixed one

! pdfTeX warning (dest): name{openldap-que-es} has been referenced but does not
 exist, replaced by a fixed one

! pdfTeX warning (dest): name{openldap-introduccion} has been referenced but do
es not exist, replaced by a fixed one

! pdfTeX warning (dest): name{openldap-conceptos-teoricos-introduccion} has bee
n referenced but does not exist, replaced by a fixed one

! pdfTeX warning (dest): name{openldap-conceptos-teoricos} has been referenced 
but does not exist, replaced by a fixed one

! pdfTeX warning (dest): name{openldap-parte} has been referenced but does not 
exist, replaced by a fixed one

! pdfTeX warning (dest): name{prefacio-convenciones} has been referenced but do
es not exist, replaced by a fixed one

! pdfTeX warning (dest): name{prefacio-organizacion-apendices} has been referen
ced but does not exist, replaced by a fixed one

! pdfTeX warning (dest): name{prefacio-organizacion-pykota} has been referenced
 but does not exist, replaced by a fixed one

! pdfTeX warning (dest): name{prefacio-organizacion-cups} has been referenced b
ut does not exist, replaced by a fixed one

! pdfTeX warning (dest): name{prefacio-organizacion-samba} has been referenced 
but does not exist, replaced by a fixed one

! pdfTeX warning (dest): name{prefacio-organizacion-openldap} has been referenc
ed but does not exist, replaced by a fixed one

! pdfTeX warning (dest): name{prefacio-organizacion} has been referenced but do
es not exist, replaced by a fixed one

! pdfTeX warning (dest): name{prefacio-intro} has been referenced but does not 
exist, replaced by a fixed one

! pdfTeX warning (dest): name{prefacio} has been referenced but does not exist,
 replaced by a fixed one

! pdfTeX warning (dest): name{licencia-fdl} has been referenced but does not ex
ist, replaced by a fixed one

! pdfTeX warning (dest): name{bibliografia-pykota} has been referenced but does
 not exist, replaced by a fixed one

! pdfTeX warning (dest): name{bibliografia-cups} has been referenced but does n
ot exist, replaced by a fixed one

! pdfTeX warning (dest): name{bibliografia-samba} has been referenced but does 
not exist, replaced by a fixed one

! pdfTeX warning (dest): name{bibliografia-openldap} has been referenced but do
es not exist, replaced by a fixed one

! pdfTeX warning (dest): name{bibliografia-ms-windows} has been referenced but 
does not exist, replaced by a fixed one

{/usr/share/texmf/dvips/tetex/aae443f0.enc}</usr/share/texmf/fonts/type1/bluesk
y/cm/cmmi10.pfb>{/usr/share/texmf/dvips/psnfss/8r.enc}
Output written on openldap-samba-cups-pykota.pdf (10 pages, 260507 bytes).
