This is TeX, Version 3.14159 (Web2C 7.3.1) (format=latex 2001.3.15)  24 JUL 2001 01:47
**./images.tex
(./images.tex
LaTeX2e <1998/12/01> patch level 1
Babel <v3.6x> and hyphenation patterns for american, spanish, nohyphenation, lo
aded.

(/usr/share/texmf/tex/latex/base/book.cls
Document Class: book 1999/01/07 v1.4a Standard LaTeX document class
(/usr/share/texmf/tex/latex/base/bk12.clo
File: bk12.clo 1999/01/07 v1.4a Standard LaTeX file (size option)
)
\c@part=\count79
\c@chapter=\count80
\c@section=\count81
\c@subsection=\count82
\c@subsubsection=\count83
\c@paragraph=\count84
\c@subparagraph=\count85
\c@figure=\count86
\c@table=\count87
\abovecaptionskip=\skip41
\belowcaptionskip=\skip42
\bibindent=\dimen102
) (/usr/share/texmf/tex/latex/base/ifthen.sty
Package: ifthen 1999/01/07 v1.1a Standard LaTeX ifthen package (DPC)
) (/usr/share/texmf/tex/generic/babel/babel.sty
Package: babel 1999/05/05 v3.6x The Babel package
(/usr/share/texmf/tex/generic/babel/spanish.ldf
Language: spanish 1999/04/19 v3.4i Spanish support from the babel system
(/usr/share/texmf/tex/generic/babel/babel.def
File: babel.def 1999/05/05 v3.6x Babel common definitions
\babel@savecnt=\count88
\U@D=\dimen103
)
Package babel Info: Making " an active character on input line 65.
Warning: You are using encoding OT1 instead of T1.
Some word breaks will not be found.
)) (/usr/share/texmf/tex/latex/base/t1enc.sty
Package: t1enc 1994/06/01 Standard LaTeX package
) (/usr/share/texmf/tex/latex/base/fontenc.sty
Package: fontenc 1999/02/24 v1.9t Standard LaTeX package
(/usr/share/texmf/tex/latex/base/t1enc.def
File: t1enc.def 1999/02/24 v1.9t Standard LaTeX file
LaTeX Font Info:    Redeclaring font encoding T1 on input line 25.
)) (/usr/share/texmf/tex/latex/tools/verbatim.sty
Package: verbatim 1997/04/30 v1.5k LaTeX2e package for verbatim enhancements
\every@verbatim=\toks14
\verbatim@line=\toks15
\verbatim@in@stream=\read1
) (/usr/share/texmf/tex/latex/psnfss/times.sty
Package: times 1999/03/29 PSNFSS v.7.2 Times font as default roman : S Rahtz
) (/usr/share/texmf/tex/latex/graphics/graphicx.sty
Package: graphicx 1999/02/16 v1.0f Enhanced LaTeX Graphics (DPC,SPQR)
(/usr/share/texmf/tex/latex/graphics/keyval.sty
Package: keyval 1999/03/16 v1.13 key=value parser (DPC)
\KV@toks@=\toks16
) (/usr/share/texmf/tex/latex/graphics/graphics.sty
Package: graphics 1999/02/16 v1.0l Standard LaTeX Graphics (DPC,SPQR)
(/usr/share/texmf/tex/latex/graphics/trig.sty
Package: trig 1999/03/16 v1.09 sin cos tan (DPC)
) (/usr/share/texmf/tex/latex/config/graphics.cfg)
Package graphics Info: Driver file: dvips.def on input line 80.
(/usr/share/texmf/tex/latex/graphics/dvips.def
File: dvips.def 1999/02/16 v3.0i Driver-dependant file (DPC,SPQR)
))
\Gin@req@height=\dimen104
\Gin@req@width=\dimen105
) (/usr/share/texmf/tex/latex/fancyhdr/fancyhdr.sty
\headwidth=\dimen106
) (/usr/share/texmf/tex/latex/graphics/color.sty
Package: color 1999/02/16 v1.0i Standard LaTeX Color (DPC)
(/usr/share/texmf/tex/latex/config/color.cfg)
Package color Info: Driver file: dvips.def on input line 125.
(/usr/share/texmf/tex/latex/graphics/dvipsnam.def
File: dvipsnam.def 1999/02/16 v3.0i Driver-dependant file (DPC,SPQR)
)) (/usr/share/texmf/tex/latex/base/inputenc.sty beta test version
Package: inputenc 1998/03/05 v0.97 Input encoding file (test version: still lia
ble to change)
(/usr/share/texmf/tex/latex/base/latin1.def
File: latin1.def 1998/03/05 v0.97 Input encoding file (test version: still liab
le to change)
))
\sizebox=\box26
\lthtmlwrite=\write3
(images.aux (/home/ldipenti/LuCAS/Cursos/basico/copyleft.aux)
(/home/ldipenti/LuCAS/Cursos/basico/HistoriaYDatosAnecdoticos/HistoriaYDatosAne
cdoticos.aux) (/home/ldipenti/LuCAS/Cursos/basico/TextoVsGrafico/TextoVsGrafico
.aux) (/home/ldipenti/LuCAS/Cursos/basico/KDE/KDE.aux) (/home/ldipenti/LuCAS/Cu
rsos/basico/RPMYPaquetes/RPMYPaquetes.aux) (/home/ldipenti/LuCAS/Cursos/basico/
StarOffice/StarOffice.aux) (/home/ldipenti/LuCAS/Cursos/basico/Internet/Interne
t.aux)
(/home/ldipenti/LuCAS/Cursos/basico/DocumentacionYAyuda/DocumentacionYAyuda.aux
) (/home/ldipenti/LuCAS/Cursos/basico/Agradecimientos/Agradecimientos.aux) (/ho
me/ldipenti/LuCAS/Cursos/basico/Licencia/Licencia.aux))
\openout1 = `images.aux'.

LaTeX Font Info:    Checking defaults for OML/cmm/m/it on input line 165.
LaTeX Font Info:    ... okay on input line 165.
LaTeX Font Info:    Checking defaults for T1/cmr/m/n on input line 165.
LaTeX Font Info:    ... okay on input line 165.
LaTeX Font Info:    Checking defaults for OT1/cmr/m/n on input line 165.
LaTeX Font Info:    ... okay on input line 165.
LaTeX Font Info:    Checking defaults for OMS/cmsy/m/n on input line 165.
LaTeX Font Info:    ... okay on input line 165.
LaTeX Font Info:    Checking defaults for OMX/cmex/m/n on input line 165.
LaTeX Font Info:    ... okay on input line 165.
LaTeX Font Info:    Checking defaults for U/cmr/m/n on input line 165.
LaTeX Font Info:    ... okay on input line 165.
LaTeX Font Info:    Try loading font information for T1+ptm on input line 165.
(/usr/share/texmf/tex/latex/psnfss/t1ptm.fd
File: t1ptm.fd 1998/07/06 Fontinst v1.800 font definitions for T1/ptm.
)

latex2htmlLength hsize=349.0pt

latex2htmlLength vsize=676.8738pt

latex2htmlLength hoffset=0.0pt

latex2htmlLength voffset=0.0pt

latex2htmlLength topmargin=0.0pt

latex2htmlLength topskip=0.00003pt

latex2htmlLength headheight=0.0pt

latex2htmlLength headsep=0.0pt

latex2htmlLength parskip=0.0pt plus 1.0pt

latex2htmlLength oddsidemargin=10.0pt

latex2htmlLength evensidemargin=52.0pt

File: imagenes/eps/StarImageNuevaImagen.eps Graphic file (type eps)
<imagenes/eps/StarImageNuevaImagen.eps>
l2hSize :tex2html_wrap5203:74.77937pt::0.0pt::349.0pt.
[1



]
File: imagenes/eps/StarImageNuevaImagenSin.eps Graphic file (type eps)
<imagenes/eps/StarImageNuevaImagenSin.eps>
l2hSize :tex2html_wrap5213:197.23686pt::0.0pt::349.0pt.
[2


]
File: imagenes/eps/StarImageEscalaGrises.eps Graphic file (type eps)
<imagenes/eps/StarImageEscalaGrises.eps>
l2hSize :tex2html_wrap5233:125.97063pt::0.0pt::349.0pt.
[3


]
File: imagenes/eps/StarImageModificarTam.eps Graphic file (type eps)
<imagenes/eps/StarImageModificarTam.eps>
l2hSize :tex2html_wrap5259:117.43874pt::0.0pt::349.0pt.
[4


]
File: imagenes/eps/StarImageEscala.eps Graphic file (type eps)
<imagenes/eps/StarImageEscala.eps>
l2hSize :tex2html_wrap5267:20.075pt::0.0pt::349.0pt.
[5


]
File: imagenes/eps/StarImagePlumas.eps Graphic file (type eps)
<imagenes/eps/StarImagePlumas.eps>
l2hSize :tex2html_wrap5281:19.57312pt::0.0pt::349.0pt.
[6


]
File: imagenes/eps/StarImageImagen.eps Graphic file (type eps)
<imagenes/eps/StarImageImagen.eps>
l2hSize :tex2html_wrap5299:19.57312pt::0.0pt::349.0pt.
[7


]
File: imagenes/eps/StarImageRotac.eps Graphic file (type eps)
<imagenes/eps/StarImageRotac.eps>
l2hSize :tex2html_wrap5313:99.87312pt::0.0pt::349.0pt.
[8


]
File: imagenes/eps/StarImageBrillo_y_Contraste.eps Graphic file (type eps)
<imagenes/eps/StarImageBrillo_y_Contraste.eps>
l2hSize :tex2html_wrap5339:62.2325pt::0.0pt::349.0pt.
[9


]
File: imagenes/eps/StarImageRGB.eps Graphic file (type eps)
<imagenes/eps/StarImageRGB.eps>
l2hSize :tex2html_wrap5347:61.22874pt::0.0pt::349.0pt.
[10


]
File: imagenes/eps/StarImageFiltroMenu.eps Graphic file (type eps)
<imagenes/eps/StarImageFiltroMenu.eps>
l2hSize :tex2html_wrap5357:91.84312pt::0.0pt::349.0pt.
[11


]
File: imagenes/eps/StarImageFiltros.eps Graphic file (type eps)
<imagenes/eps/StarImageFiltros.eps>
l2hSize :tex2html_wrap5361:40.65187pt::0.0pt::349.0pt.
[12


] (images.aux) ) 
Here is how much of TeX's memory you used:
 1666 strings out of 10918
 21935 string characters out of 72843
 65411 words of memory out of 263001
 4557 multiletter control sequences out of 10000+0
 6346 words of font info for 17 fonts, out of 400000 for 1000
 14 hyphenation exceptions out of 1000
 25i,5n,40p,215b,226s stack positions out of 300i,100n,500p,50000b,4000s

Output written on images.dvi (12 pages, 3080 bytes).
