This is TeX, Version 3.14159 (Web2C 7.3.1) (format=latex 2001.3.15)  12 MAY 2001 19:42
**./images.tex
(./images.tex
LaTeX2e <1998/12/01> patch level 1
Babel <v3.6x> and hyphenation patterns for american, spanish, nohyphenation, lo
aded.

(/usr/share/texmf/tex/latex/base/book.cls
Document Class: book 1999/01/07 v1.4a Standard LaTeX document class
(/usr/share/texmf/tex/latex/base/bk12.clo
File: bk12.clo 1999/01/07 v1.4a Standard LaTeX file (size option)
)
\c@part=\count79
\c@chapter=\count80
\c@section=\count81
\c@subsection=\count82
\c@subsubsection=\count83
\c@paragraph=\count84
\c@subparagraph=\count85
\c@figure=\count86
\c@table=\count87
\abovecaptionskip=\skip41
\belowcaptionskip=\skip42
\bibindent=\dimen102
) (/usr/share/texmf/tex/latex/base/ifthen.sty
Package: ifthen 1999/01/07 v1.1a Standard LaTeX ifthen package (DPC)
) (/usr/share/texmf/tex/generic/babel/babel.sty
Package: babel 1999/05/05 v3.6x The Babel package
(/usr/share/texmf/tex/generic/babel/spanish.ldf
Language: spanish 1999/04/19 v3.4i Spanish support from the babel system
(/usr/share/texmf/tex/generic/babel/babel.def
File: babel.def 1999/05/05 v3.6x Babel common definitions
\babel@savecnt=\count88
\U@D=\dimen103
)
Package babel Info: Making " an active character on input line 65.
Warning: You are using encoding OT1 instead of T1.
Some word breaks will not be found.
)) (/usr/share/texmf/tex/latex/base/t1enc.sty
Package: t1enc 1994/06/01 Standard LaTeX package
) (/usr/share/texmf/tex/latex/base/fontenc.sty
Package: fontenc 1999/02/24 v1.9t Standard LaTeX package
(/usr/share/texmf/tex/latex/base/t1enc.def
File: t1enc.def 1999/02/24 v1.9t Standard LaTeX file
LaTeX Font Info:    Redeclaring font encoding T1 on input line 25.
)) (/usr/share/texmf/tex/latex/tools/verbatim.sty
Package: verbatim 1997/04/30 v1.5k LaTeX2e package for verbatim enhancements
\every@verbatim=\toks14
\verbatim@line=\toks15
\verbatim@in@stream=\read1
) (/usr/share/texmf/tex/latex/psnfss/times.sty
Package: times 1999/03/29 PSNFSS v.7.2 Times font as default roman : S Rahtz
) (/usr/share/texmf/tex/latex/graphics/graphicx.sty
Package: graphicx 1999/02/16 v1.0f Enhanced LaTeX Graphics (DPC,SPQR)
(/usr/share/texmf/tex/latex/graphics/keyval.sty
Package: keyval 1999/03/16 v1.13 key=value parser (DPC)
\KV@toks@=\toks16
) (/usr/share/texmf/tex/latex/graphics/graphics.sty
Package: graphics 1999/02/16 v1.0l Standard LaTeX Graphics (DPC,SPQR)
(/usr/share/texmf/tex/latex/graphics/trig.sty
Package: trig 1999/03/16 v1.09 sin cos tan (DPC)
) (/usr/share/texmf/tex/latex/config/graphics.cfg)
Package graphics Info: Driver file: dvips.def on input line 80.
(/usr/share/texmf/tex/latex/graphics/dvips.def
File: dvips.def 1999/02/16 v3.0i Driver-dependant file (DPC,SPQR)
))
\Gin@req@height=\dimen104
\Gin@req@width=\dimen105
) (/usr/share/texmf/tex/latex/fancyhdr/fancyhdr.sty
\headwidth=\dimen106
)
\c@ejcounter=\count89
(/usr/share/texmf/tex/latex/graphics/color.sty
Package: color 1999/02/16 v1.0i Standard LaTeX Color (DPC)
(/usr/share/texmf/tex/latex/config/color.cfg)
Package color Info: Driver file: dvips.def on input line 125.
(/usr/share/texmf/tex/latex/graphics/dvipsnam.def
File: dvipsnam.def 1999/02/16 v3.0i Driver-dependant file (DPC,SPQR)
)) (/usr/share/texmf/tex/latex/base/inputenc.sty beta test version
Package: inputenc 1998/03/05 v0.97 Input encoding file (test version: still lia
ble to change)
(/usr/share/texmf/tex/latex/base/latin1.def
File: latin1.def 1998/03/05 v0.97 Input encoding file (test version: still liab
le to change)
))
\sizebox=\box26
\lthtmlwrite=\write3
(images.aux (/home/ldipenti/LuCAS/Cursos/intermedio/Introduccion/Introduccion.a
ux) (/home/ldipenti/LuCAS/Cursos/intermedio/Shell/Shell.aux)
(/home/ldipenti/LuCAS/Cursos/intermedio/CorreoElectronico/CorreoElectronico.aux
)
(/home/ldipenti/LuCAS/Cursos/intermedio/EdicionDeArchivos/EdicionDeArchivos.aux
) (/home/ldipenti/LuCAS/Cursos/intermedio/Redes/Redes.aux) (/home/ldipenti/LuCA
S/Cursos/intermedio/Programacion/Programacion.aux) (/home/ldipenti/LuCAS/Cursos
/intermedio/InicioDelSistema/InicioDelSistema.aux) (/home/ldipenti/LuCAS/Cursos
/intermedio/Particiones/Particiones.aux) (/home/ldipenti/LuCAS/Cursos/intermedi
o/Distribuciones/Distribuciones.aux) (/home/ldipenti/LuCAS/Cursos/intermedio/Co
nductaDelAdmin/ConductaDelAdmin.aux) (/home/ldipenti/LuCAS/Cursos/intermedio/Ad
ministracion/Administracion.aux)
(/home/ldipenti/LuCAS/Cursos/intermedio/ConocimientosDeRedes/ConocimientosDeRed
es.aux) (/home/ldipenti/LuCAS/Cursos/intermedio/DNS/DNS.aux) (/home/ldipenti/Lu
CAS/Cursos/intermedio/Samba/Samba.aux) (/home/ldipenti/LuCAS/Cursos/intermedio/
Apache/Apache.aux) (/home/ldipenti/LuCAS/Cursos/intermedio/Squid/Squid.aux)
(/home/ldipenti/LuCAS/Cursos/intermedio/ServidoresDeNoticias/ServidoresDeNotici
as.aux) (/home/ldipenti/LuCAS/Cursos/intermedio/FTP/FTP.aux) (/home/ldipenti/Lu
CAS/Cursos/intermedio/MTA/MTA.aux)
No file Agradecimientos/Agradecimientos.aux.
No file Licencia/Licencia.aux.
)
\openout1 = `images.aux'.

LaTeX Font Info:    Checking defaults for OML/cmm/m/it on input line 278.
LaTeX Font Info:    ... okay on input line 278.
LaTeX Font Info:    Checking defaults for T1/cmr/m/n on input line 278.
LaTeX Font Info:    ... okay on input line 278.
LaTeX Font Info:    Checking defaults for OT1/cmr/m/n on input line 278.
LaTeX Font Info:    ... okay on input line 278.
LaTeX Font Info:    Checking defaults for OMS/cmsy/m/n on input line 278.
LaTeX Font Info:    ... okay on input line 278.
LaTeX Font Info:    Checking defaults for OMX/cmex/m/n on input line 278.
LaTeX Font Info:    ... okay on input line 278.
LaTeX Font Info:    Checking defaults for U/cmr/m/n on input line 278.
LaTeX Font Info:    ... okay on input line 278.
LaTeX Font Info:    Try loading font information for T1+ptm on input line 278.
(/usr/share/texmf/tex/latex/psnfss/t1ptm.fd
File: t1ptm.fd 1998/07/06 Fontinst v1.800 font definitions for T1/ptm.
) (/home/ldipenti/LuCAS/Cursos/intermedio/curso.aux (/home/ldipenti/LuCAS/Curso
s/intermedio/Introduccion/Introduccion.aux) (/home/ldipenti/LuCAS/Cursos/interm
edio/Shell/Shell.aux

LaTeX Warning: Label `UID' multiply defined.


LaTeX Warning: Label `GID' multiply defined.


LaTeX Warning: Label `sec:permisos' multiply defined.


LaTeX Warning: Label `tab:permisos' multiply defined.


LaTeX Warning: Label `sec:redireccion' multiply defined.


LaTeX Warning: Label `subsection:tuberias' multiply defined.


LaTeX Warning: Label `fig:Shell-RedireccionIO-Diagrama-Sort' multiply defined.


LaTeX Warning: Label `fig:Shell-RedireccionIO-Diagrama-Diccionario' multiply de
fined.


LaTeX Warning: Label `seccion:progbash' multiply defined.

)
(/home/ldipenti/LuCAS/Cursos/intermedio/CorreoElectronico/CorreoElectronico.aux

LaTeX Warning: Label `section:correo-intro' multiply defined.


LaTeX Warning: Label `fig:ClientesDeCorreo-Pine-PantallaInicial' multiply defin
ed.


LaTeX Warning: Label `fig:ClientesDeCorreo-Pine-PantallaPrincipal' multiply def
ined.


LaTeX Warning: Label `fig:ClientesDeCorreo-Pine-ListaDeCarpetas' multiply defin
ed.


LaTeX Warning: Label `fig:ClientesDeCorreo-Pine-IndiceDeMensajes' multiply defi
ned.


LaTeX Warning: Label `fig:ClientesDeCorreo-Pine-VistaDeEmail' multiply defined.



LaTeX Warning: Label `fig:ClientesDeCorreo-Pine-ComposicionDeMensaje' multiply 
defined.


LaTeX Warning: Label `fig:ClientesDeCorreo-Pine-NavegadorDeArchivos' multiply d
efined.


LaTeX Warning: Label `fig:ClientesDeCorreo-Pine-AgregarContacto' multiply defin
ed.


LaTeX Warning: Label `seccion:gpg' multiply defined.


LaTeX Warning: Label `fig:EncriptandoDesdeClientesDeCorreo-ConfDelPine' multipl
y defined.

)
(/home/ldipenti/LuCAS/Cursos/intermedio/EdicionDeArchivos/EdicionDeArchivos.aux

LaTeX Warning: Label `sec:vi' multiply defined.

) (/home/ldipenti/LuCAS/Cursos/intermedio/Redes/Redes.aux) (/home/ldipenti/LuCA
S/Cursos/intermedio/Programacion/Programacion.aux) (/home/ldipenti/LuCAS/Cursos
/intermedio/InicioDelSistema/InicioDelSistema.aux) (/home/ldipenti/LuCAS/Cursos
/intermedio/Particiones/Particiones.aux) (/home/ldipenti/LuCAS/Cursos/intermedi
o/Distribuciones/Distribuciones.aux) (/home/ldipenti/LuCAS/Cursos/intermedio/Co
nductaDelAdmin/ConductaDelAdmin.aux) (/home/ldipenti/LuCAS/Cursos/intermedio/Ad
ministracion/Administracion.aux

LaTeX Warning: Label `fig:CompilandoNucleo-MakeConfig' multiply defined.


LaTeX Warning: Label `fig:CompilandoNucleo-MakeMenuConfig' multiply defined.


LaTeX Warning: Label `fig:CompilandoNucleo-MakeXConfig' multiply defined.


LaTeX Warning: Label `subseccion:LILO' multiply defined.


LaTeX Warning: Label `fig:CompilandoNucleo-Modulos' multiply defined.

)
(/home/ldipenti/LuCAS/Cursos/intermedio/ConocimientosDeRedes/ConocimientosDeRed
es.aux) (/home/ldipenti/LuCAS/Cursos/intermedio/DNS/DNS.aux) (/home/ldipenti/Lu
CAS/Cursos/intermedio/Samba/Samba.aux) (/home/ldipenti/LuCAS/Cursos/intermedio/
Apache/Apache.aux) (/home/ldipenti/LuCAS/Cursos/intermedio/Squid/Squid.aux)
(/home/ldipenti/LuCAS/Cursos/intermedio/ServidoresDeNoticias/ServidoresDeNotici
as.aux

LaTeX Warning: Label `fig:leafnode.org' multiply defined.


LaTeX Warning: Label `fig:knode' multiply defined.

) (/home/ldipenti/LuCAS/Cursos/intermedio/FTP/FTP.aux) (/home/ldipenti/LuCAS/Cu
rsos/intermedio/MTA/MTA.aux)
No file Agradecimientos/Agradecimientos.aux.
No file Licencia/Licencia.aux.
) (/home/ldipenti/LuCAS/Cursos/intermedio/Introduccion/Introduccion.aux) (/home
/ldipenti/LuCAS/Cursos/intermedio/Shell/Shell.aux

LaTeX Warning: Label `UID' multiply defined.


LaTeX Warning: Label `GID' multiply defined.


LaTeX Warning: Label `sec:permisos' multiply defined.


LaTeX Warning: Label `tab:permisos' multiply defined.


LaTeX Warning: Label `sec:redireccion' multiply defined.


LaTeX Warning: Label `subsection:tuberias' multiply defined.


LaTeX Warning: Label `fig:Shell-RedireccionIO-Diagrama-Sort' multiply defined.


LaTeX Warning: Label `fig:Shell-RedireccionIO-Diagrama-Diccionario' multiply de
fined.


LaTeX Warning: Label `seccion:progbash' multiply defined.

)
(/home/ldipenti/LuCAS/Cursos/intermedio/CorreoElectronico/CorreoElectronico.aux

LaTeX Warning: Label `section:correo-intro' multiply defined.


LaTeX Warning: Label `fig:ClientesDeCorreo-Pine-PantallaInicial' multiply defin
ed.


LaTeX Warning: Label `fig:ClientesDeCorreo-Pine-PantallaPrincipal' multiply def
ined.


LaTeX Warning: Label `fig:ClientesDeCorreo-Pine-ListaDeCarpetas' multiply defin
ed.


LaTeX Warning: Label `fig:ClientesDeCorreo-Pine-IndiceDeMensajes' multiply defi
ned.


LaTeX Warning: Label `fig:ClientesDeCorreo-Pine-VistaDeEmail' multiply defined.



LaTeX Warning: Label `fig:ClientesDeCorreo-Pine-ComposicionDeMensaje' multiply 
defined.


LaTeX Warning: Label `fig:ClientesDeCorreo-Pine-NavegadorDeArchivos' multiply d
efined.


LaTeX Warning: Label `fig:ClientesDeCorreo-Pine-AgregarContacto' multiply defin
ed.


LaTeX Warning: Label `seccion:gpg' multiply defined.


LaTeX Warning: Label `fig:EncriptandoDesdeClientesDeCorreo-ConfDelPine' multipl
y defined.

)
(/home/ldipenti/LuCAS/Cursos/intermedio/EdicionDeArchivos/EdicionDeArchivos.aux

LaTeX Warning: Label `sec:vi' multiply defined.

) (/home/ldipenti/LuCAS/Cursos/intermedio/Redes/Redes.aux) (/home/ldipenti/LuCA
S/Cursos/intermedio/Programacion/Programacion.aux) (/home/ldipenti/LuCAS/Cursos
/intermedio/InicioDelSistema/InicioDelSistema.aux) (/home/ldipenti/LuCAS/Cursos
/intermedio/Particiones/Particiones.aux) (/home/ldipenti/LuCAS/Cursos/intermedi
o/Distribuciones/Distribuciones.aux) (/home/ldipenti/LuCAS/Cursos/intermedio/Co
nductaDelAdmin/ConductaDelAdmin.aux) (/home/ldipenti/LuCAS/Cursos/intermedio/Ad
ministracion/Administracion.aux

LaTeX Warning: Label `fig:CompilandoNucleo-MakeConfig' multiply defined.


LaTeX Warning: Label `fig:CompilandoNucleo-MakeMenuConfig' multiply defined.


LaTeX Warning: Label `fig:CompilandoNucleo-MakeXConfig' multiply defined.


LaTeX Warning: Label `subseccion:LILO' multiply defined.


LaTeX Warning: Label `fig:CompilandoNucleo-Modulos' multiply defined.

)
(/home/ldipenti/LuCAS/Cursos/intermedio/ConocimientosDeRedes/ConocimientosDeRed
es.aux) (/home/ldipenti/LuCAS/Cursos/intermedio/DNS/DNS.aux) (/home/ldipenti/Lu
CAS/Cursos/intermedio/Samba/Samba.aux) (/home/ldipenti/LuCAS/Cursos/intermedio/
Apache/Apache.aux) (/home/ldipenti/LuCAS/Cursos/intermedio/Squid/Squid.aux)
(/home/ldipenti/LuCAS/Cursos/intermedio/ServidoresDeNoticias/ServidoresDeNotici
as.aux

LaTeX Warning: Label `fig:leafnode.org' multiply defined.


LaTeX Warning: Label `fig:knode' multiply defined.

) (/home/ldipenti/LuCAS/Cursos/intermedio/FTP/FTP.aux) (/home/ldipenti/LuCAS/Cu
rsos/intermedio/MTA/MTA.aux)

latex2htmlLength hsize=349.0pt

latex2htmlLength vsize=676.8738pt

latex2htmlLength hoffset=0.0pt

latex2htmlLength voffset=0.0pt

latex2htmlLength topmargin=0.0pt

latex2htmlLength topskip=0.00003pt

latex2htmlLength headheight=0.0pt

latex2htmlLength headsep=0.0pt

latex2htmlLength parskip=0.0pt plus 1.0pt

latex2htmlLength oddsidemargin=10.0pt

latex2htmlLength evensidemargin=52.0pt

l2hSize :figure7824:0.0pt::0.0pt::0.0pt.
[1




] (images.aux
No file Licencia/Licencia.aux.
)

LaTeX Warning: There were multiply-defined labels.

 ) 
Here is how much of TeX's memory you used:
 1616 strings out of 10918
 20561 string characters out of 72843
 68961 words of memory out of 263001
 4478 multiletter control sequences out of 10000+0
 6346 words of font info for 17 fonts, out of 400000 for 1000
 14 hyphenation exceptions out of 1000
 25i,5n,40p,235b,226s stack positions out of 300i,100n,500p,50000b,4000s

Output written on images.dvi (1 page, 292 bytes).
