This file contains any messages produced by compilers while
running configure, to aid debugging if configure makes a mistake.

It was created by configure, which was
generated by GNU Autoconf 2.59.  Invocation command line was

  $ ./configure --enable-maintainer-mode

## --------- ##
## Platform. ##
## --------- ##

hostname = lisergia
uname -m = i686
uname -r = 2.6.9-1.667
uname -s = Linux
uname -v = #1 Tue Nov 2 14:41:25 EST 2004

/usr/bin/uname -p = unknown
/bin/uname -X     = unknown

/bin/arch              = i686
/usr/bin/arch -k       = unknown
/usr/convex/getsysinfo = unknown
hostinfo               = unknown
/bin/machine           = unknown
/usr/bin/oslevel       = unknown
/bin/universe          = unknown

PATH: /usr/kerberos/bin
PATH: /usr/local/bin
PATH: /usr/bin
PATH: /bin
PATH: /usr/X11R6/bin
PATH: /usr/lib/jre/bin
PATH: /home/olea/bin
PATH: /usr/lib/jre/bin


## ----------- ##
## Core tests. ##
## ----------- ##

configure:1264: checking for a BSD-compatible install
configure:1319: result: /usr/bin/install -c
configure:1330: checking whether build environment is sane
configure:1373: result: yes
configure:1438: checking for gawk
configure:1454: found /usr/bin/gawk
configure:1464: result: gawk
configure:1474: checking whether make sets $(MAKE)
configure:1494: result: yes
configure:1665: checking for perl
configure:1681: found /usr/bin/perl
configure:1692: result: yes
configure:1705: checking for perl-libxml-enno module
configure:1709: checking for DOM.pm
configure:1740: result: yes
configure:1753: checking for perl-XML-RSS module
configure:1757: checking for RSS.pm
configure:1788: result: yes
configure:1801: checking for perl-Unicode-MapUTF8 module
configure:1805: checking for MapUTF8.pm
configure:1836: result: yes
configure:1849: checking for DocBook-utils >= 0.6.11
configure:1857: result: found
configure:1872: checking for db2pdf
configure:1888: found /usr/bin/db2pdf
configure:1899: result: yes
configure:1914: checking for ps2pdf
configure:1930: found /usr/bin/ps2pdf
configure:1941: result: yes
configure:1956: checking for xsltproc
configure:1972: found /usr/bin/xsltproc
configure:1983: result: yes
configure:1998: checking for xmlto
configure:2025: result: yes
configure:2165: creating ./config.status

## ---------------------- ##
## Running config.status. ##
## ---------------------- ##

This file was extended by config.status, which was
generated by GNU Autoconf 2.59.  Invocation command line was

  CONFIG_FILES    = 
  CONFIG_HEADERS  = 
  CONFIG_LINKS    = 
  CONFIG_COMMANDS = 
  $ ./config.status 

on lisergia

config.status:670: creating Makefile
config.status:670: creating imprenta-e/Makefile
config.status:670: creating imprenta-e/imprenta-e
config.status:670: creating impresor-e/Makefile
config.status:670: creating impresor-e/impresor-e
config.status:670: creating imprenta-e-tools/Makefile
config.status:670: creating imprenta-e-tools/Printer/Makefile
config.status:670: creating imprenta-e-tools/Utils/Makefile
config.status:670: creating ejemplos/Makefile
config.status:670: creating ejemplos/omf/Makefile
config.status:670: creating ejemplos/dtd/Makefile
config.status:670: creating ejemplos/xslt/Makefile
config.status:670: creating ejemplos/conf/Makefile
config.status:670: creating doc/Makefile
config.status:670: creating imprenta-e.spec

## ---------------- ##
## Cache variables. ##
## ---------------- ##

ac_cv_env_build_alias_set=
ac_cv_env_build_alias_value=
ac_cv_env_host_alias_set=
ac_cv_env_host_alias_value=
ac_cv_env_target_alias_set=
ac_cv_env_target_alias_value=
ac_cv_path_DOM=yes
ac_cv_path_install='/usr/bin/install -c'
ac_cv_prog_AWK=gawk
ac_cv_prog_DB2PDF=yes
ac_cv_prog_PERL=yes
ac_cv_prog_PS2PDF=yes
ac_cv_prog_SABCMD=yes
ac_cv_prog_make_make_set=yes

## ----------------- ##
## Output variables. ##
## ----------------- ##

ACLOCAL='${SHELL} /home/olea/cvs/lucas/rl-imprenta-e/missing --run aclocal-1.9'
AMTAR='${SHELL} /home/olea/cvs/lucas/rl-imprenta-e/missing --run tar'
AUTOCONF='${SHELL} /home/olea/cvs/lucas/rl-imprenta-e/missing --run autoconf'
AUTOHEADER='${SHELL} /home/olea/cvs/lucas/rl-imprenta-e/missing --run autoheader'
AUTOMAKE='${SHELL} /home/olea/cvs/lucas/rl-imprenta-e/missing --run automake-1.9'
AWK='gawk'
CYGPATH_W='echo'
DB2PDF='yes'
DEFS='-DPACKAGE_NAME=\"\" -DPACKAGE_TARNAME=\"\" -DPACKAGE_VERSION=\"\" -DPACKAGE_STRING=\"\" -DPACKAGE_BUGREPORT=\"\" -DPACKAGE=\"imprenta-e\" -DVERSION=\"0.2\" '
DOM='yes'
ECHO_C=''
ECHO_N='-n'
ECHO_T=''
INSTALL_DATA='${INSTALL} -m 644'
INSTALL_PROGRAM='${INSTALL}'
INSTALL_SCRIPT='${INSTALL}'
INSTALL_STRIP_PROGRAM='${SHELL} $(install_sh) -c -s'
LIBOBJS=''
LIBS=''
LTLIBOBJS=''
MAKEINFO='${SHELL} /home/olea/cvs/lucas/rl-imprenta-e/missing --run makeinfo'
PACKAGE='imprenta-e'
PACKAGE_BUGREPORT=''
PACKAGE_NAME=''
PACKAGE_STRING=''
PACKAGE_TARNAME=''
PACKAGE_VERSION=''
PATH_SEPARATOR=':'
PERL='yes'
PS2PDF='yes'
SABCMD='yes'
SET_MAKE=''
SHELL='/bin/sh'
STRIP=''
VERSION='0.2'
ac_ct_STRIP=''
am__leading_dot='.'
am__tar='${AMTAR} chof - "$$tardir"'
am__untar='${AMTAR} xf -'
bindir='${exec_prefix}/bin'
build_alias=''
datadir='${prefix}/share'
exec_prefix='${prefix}'
host_alias=''
includedir='${prefix}/include'
infodir='${prefix}/info'
install_sh='/home/olea/cvs/lucas/rl-imprenta-e/install-sh'
libdir='${exec_prefix}/lib'
libexecdir='${exec_prefix}/libexec'
localstatedir='${prefix}/var'
mandir='${prefix}/man'
mkdir_p='mkdir -p --'
oldincludedir='/usr/include'
prefix='/usr/local'
program_transform_name='s,x,x,'
sbindir='${exec_prefix}/sbin'
sharedstatedir='${prefix}/com'
sysconfdir='${prefix}/etc'
target_alias=''

## ----------- ##
## confdefs.h. ##
## ----------- ##

#define PACKAGE "imprenta-e"
#define PACKAGE_BUGREPORT ""
#define PACKAGE_NAME ""
#define PACKAGE_STRING ""
#define PACKAGE_TARNAME ""
#define PACKAGE_VERSION ""
#define VERSION "0.2"

configure: exit 0
