This is pdfTeX, Version 3.14159-13d (Web2C 7.3.1) (format=pdfjadetex 2002.2.21)  16 SEP 2004 23:32
**avl-trees.pdf
(avl-trees.pdf.tex[/usr/share/texmf/pdftex/config/pdftex.cfg]
JadeTeX 2002/01/25: 3.12
LaTeX Font Info:    Try loading font information for T1+ptm on input line 1.
(/usr/share/texmf/tex/latex/psnfss/t1ptm.fd
File: t1ptm.fd 2001/06/04 font definitions for T1/ptm.
)
(jadetex.cfg (/usr/share/texmf/tex/generic/babel/babel.sty
Package: babel 2001/03/01 v3.7h The Babel package

(/usr/share/texmf/tex/generic/babel/spanish.ldf
Language: spanish.ldf 2001/01/30 v4.1c Spanish support from the babel system

(/usr/share/texmf/tex/generic/babel/babel.def
File: babel.def 2001/03/01 v3.7h Babel common definitions
\babel@savecnt=\count116
\U@D=\dimen131
)
\es@quottoks=\toks22
\es@quotdepth=\count117
Package babel Info: Making . an active character on input line 464.
Package babel Info: Making " an active character on input line 495.
Package babel Info: Making < an active character on input line 581.
Package babel Info: Making > an active character on input line 582.
))
(/usr/share/texmf/tex/latex/base/latexsym.sty
Package: latexsym 1998/08/17 v2.2e Standard LaTeX package (lasy symbols)
\symlasy=\mathgroup8
LaTeX Font Info:    Overwriting symbol font `lasy' in version `bold'
(Font)                  U/lasy/m/n --> U/lasy/b/n on input line 42.
)
\p@=\dimen132
Package hyperref Info: Option `colorlinks' set `true' on input line 13.
)
Elements will be labelled
Jade begin document sequence at 21
No file avl-trees.pdf.aux.
\openout1 = `avl-trees.pdf.aux'.

LaTeX Font Info:    Checking defaults for OML/cmm/m/it on input line 21.
LaTeX Font Info:    ... okay on input line 21.
LaTeX Font Info:    Checking defaults for T1/cmr/m/n on input line 21.
LaTeX Font Info:    ... okay on input line 21.
LaTeX Font Info:    Checking defaults for OT1/cmr/m/n on input line 21.
LaTeX Font Info:    ... okay on input line 21.
LaTeX Font Info:    Checking defaults for OMS/cmsy/m/n on input line 21.
LaTeX Font Info:    ... okay on input line 21.
LaTeX Font Info:    Checking defaults for OMX/cmex/m/n on input line 21.
LaTeX Font Info:    ... okay on input line 21.
LaTeX Font Info:    Checking defaults for U/cmr/m/n on input line 21.
LaTeX Font Info:    ... okay on input line 21.
LaTeX Font Info:    Checking defaults for PD1/pdf/m/n on input line 21.
LaTeX Font Info:    ... okay on input line 21.
LaTeX Font Info:    Checking defaults for T2A/cmr/m/n on input line 21.
LaTeX Font Info:    Try loading font information for T2A+cmr on input line 21.
(/usr/share/texmf/tex/latex/cyrillic/t2acmr.fd
File: t2acmr.fd 2001/08/11 v1.0a Computer Modern Cyrillic font definitions
)
LaTeX Font Info:    ... okay on input line 21.
LaTeX Font Info:    Checking defaults for TS1/cmr/m/n on input line 21.
LaTeX Font Info:    Try loading font information for TS1+cmr on input line 21.

(/usr/share/texmf/tex/latex/base/ts1cmr.fd
File: ts1cmr.fd 1999/05/25 v2.5h Standard LaTeX font definitions
)
LaTeX Font Info:    ... okay on input line 21.
LaTeX Font Info:    Checking defaults for LECO/omseco/m/n on input line 21.
LaTeX Font Info:    ... okay on input line 21.
LaTeX Font Info:    Checking defaults for LECX/omsecx/m/n on input line 21.
LaTeX Font Info:    ... okay on input line 21.
LaTeX Font Info:    Checking defaults for LECY/omsecy/m/n on input line 21.
LaTeX Font Info:    ... okay on input line 21.
LaTeX Font Info:    Checking defaults for LEGR/omsegr/m/n on input line 21.
LaTeX Font Info:    ... okay on input line 21.
LaTeX Font Info:    Checking defaults for LEHA/omseha/m/n on input line 21.
LaTeX Font Info:    ... okay on input line 21.
LaTeX Font Info:    Checking defaults for LEIP/omseip/m/n on input line 21.
LaTeX Font Info:    ... okay on input line 21.
LaTeX Font Info:    Checking defaults for LELA/omsela/m/n on input line 21.
LaTeX Font Info:    ... okay on input line 21.
LaTeX Font Info:    Checking defaults for LETI/omseti/m/n on input line 21.
LaTeX Font Info:    ... okay on input line 21.

(/usr/share/texmf/tex/context/base/supp-pdf.tex
(/usr/share/texmf/tex/context/base/supp-mis.tex
loading : Context Support Macros / Missing
\protectiondepth=\count118
\scratchcounter=\count119
\scratchdimen=\dimen133
\scratchskip=\skip54
\scratchmuskip=\muskip11
\scratchbox=\box62
\scratchread=\read1
\scratchwrite=\write4
\nextbox=\box63
\nextdepth=\dimen134
\everyline=\toks23
\!!counta=\count120
\!!countb=\count121
\recursecounter=\count122
)
loading : Context Support Macros / PDF
\nofMPsegments=\count123
\nofMParguments=\count124
)
Package hyperref Info: Link coloring ON on input line 21.
 (/usr/share/texmf/tex/latex/hyperref/nameref.sty
Package: nameref 2001/01/27 v2.19 Cross-referencing by name of section
\c@section@level=\count125
)
\openout3 = `avl-trees.pdf.out'.

LaTeX Info: Redefining \ref on input line 21.
LaTeX Info: Redefining \pageref on input line 21.
 (avl-trees.pdf.aux) ) 
Here is how much of TeX's memory you used:
 831 strings out of 40731
 11249 string characters out of 595007
 157169 words of memory out of 1500001
 13629 multiletter control sequences out of 10000+50000
 6843 words of font info for 19 fonts, out of 400000 for 1000
 16 hyphenation exceptions out of 1000
 27i,1n,39p,202b,189s stack positions out of 1500i,500n,1500p,50000b,5000s

No pages of output.
