This is pdfTeX, Version 3.14159-13d (Web2C 7.3.1) (format=pdfjadetex 2002.2.21)  16 SEP 2004 23:34
**avl-trees
(avl-trees.tex[/usr/share/texmf/pdftex/config/pdftex.cfg]
JadeTeX 2002/01/25: 3.12
LaTeX Font Info:    Try loading font information for T1+ptm on input line 1.
(/usr/share/texmf/tex/latex/psnfss/t1ptm.fd
File: t1ptm.fd 2001/06/04 font definitions for T1/ptm.
)
(jadetex.cfg (/usr/share/texmf/tex/generic/babel/babel.sty
Package: babel 2001/03/01 v3.7h The Babel package

(/usr/share/texmf/tex/generic/babel/spanish.ldf
Language: spanish.ldf 2001/01/30 v4.1c Spanish support from the babel system

(/usr/share/texmf/tex/generic/babel/babel.def
File: babel.def 2001/03/01 v3.7h Babel common definitions
\babel@savecnt=\count116
\U@D=\dimen131
)
\es@quottoks=\toks22
\es@quotdepth=\count117
Package babel Info: Making . an active character on input line 464.
Package babel Info: Making " an active character on input line 495.
Package babel Info: Making < an active character on input line 581.
Package babel Info: Making > an active character on input line 582.
))
(/usr/share/texmf/tex/latex/base/latexsym.sty
Package: latexsym 1998/08/17 v2.2e Standard LaTeX package (lasy symbols)
\symlasy=\mathgroup8
LaTeX Font Info:    Overwriting symbol font `lasy' in version `bold'
(Font)                  U/lasy/m/n --> U/lasy/b/n on input line 42.
)
\p@=\dimen132
Package hyperref Info: Option `colorlinks' set `true' on input line 13.
)
Elements will be labelled
Jade begin document sequence at 21
(avl-trees.aux)
\openout1 = `avl-trees.aux'.

LaTeX Font Info:    Checking defaults for OML/cmm/m/it on input line 21.
LaTeX Font Info:    ... okay on input line 21.
LaTeX Font Info:    Checking defaults for T1/cmr/m/n on input line 21.
LaTeX Font Info:    ... okay on input line 21.
LaTeX Font Info:    Checking defaults for OT1/cmr/m/n on input line 21.
LaTeX Font Info:    ... okay on input line 21.
LaTeX Font Info:    Checking defaults for OMS/cmsy/m/n on input line 21.
LaTeX Font Info:    ... okay on input line 21.
LaTeX Font Info:    Checking defaults for OMX/cmex/m/n on input line 21.
LaTeX Font Info:    ... okay on input line 21.
LaTeX Font Info:    Checking defaults for U/cmr/m/n on input line 21.
LaTeX Font Info:    ... okay on input line 21.
LaTeX Font Info:    Checking defaults for PD1/pdf/m/n on input line 21.
LaTeX Font Info:    ... okay on input line 21.
LaTeX Font Info:    Checking defaults for T2A/cmr/m/n on input line 21.
LaTeX Font Info:    Try loading font information for T2A+cmr on input line 21.
 (/usr/share/texmf/tex/latex/cyrillic/t2acmr.fd
File: t2acmr.fd 2001/08/11 v1.0a Computer Modern Cyrillic font definitions
)
LaTeX Font Info:    ... okay on input line 21.
LaTeX Font Info:    Checking defaults for TS1/cmr/m/n on input line 21.
LaTeX Font Info:    Try loading font information for TS1+cmr on input line 21.

(/usr/share/texmf/tex/latex/base/ts1cmr.fd
File: ts1cmr.fd 1999/05/25 v2.5h Standard LaTeX font definitions
)
LaTeX Font Info:    ... okay on input line 21.
LaTeX Font Info:    Checking defaults for LECO/omseco/m/n on input line 21.
LaTeX Font Info:    ... okay on input line 21.
LaTeX Font Info:    Checking defaults for LECX/omsecx/m/n on input line 21.
LaTeX Font Info:    ... okay on input line 21.
LaTeX Font Info:    Checking defaults for LECY/omsecy/m/n on input line 21.
LaTeX Font Info:    ... okay on input line 21.
LaTeX Font Info:    Checking defaults for LEGR/omsegr/m/n on input line 21.
LaTeX Font Info:    ... okay on input line 21.
LaTeX Font Info:    Checking defaults for LEHA/omseha/m/n on input line 21.
LaTeX Font Info:    ... okay on input line 21.
LaTeX Font Info:    Checking defaults for LEIP/omseip/m/n on input line 21.
LaTeX Font Info:    ... okay on input line 21.
LaTeX Font Info:    Checking defaults for LELA/omsela/m/n on input line 21.
LaTeX Font Info:    ... okay on input line 21.
LaTeX Font Info:    Checking defaults for LETI/omseti/m/n on input line 21.
LaTeX Font Info:    ... okay on input line 21.

(/usr/share/texmf/tex/context/base/supp-pdf.tex
(/usr/share/texmf/tex/context/base/supp-mis.tex
loading : Context Support Macros / Missing
\protectiondepth=\count118
\scratchcounter=\count119
\scratchdimen=\dimen133
\scratchskip=\skip54
\scratchmuskip=\muskip11
\scratchbox=\box62
\scratchread=\read1
\scratchwrite=\write4
\nextbox=\box63
\nextdepth=\dimen134
\everyline=\toks23
\!!counta=\count120
\!!countb=\count121
\recursecounter=\count122
)
loading : Context Support Macros / PDF
\nofMPsegments=\count123
\nofMParguments=\count124
)
Package hyperref Info: Link coloring ON on input line 21.
 (/usr/share/texmf/tex/latex/hyperref/nameref.sty
Package: nameref 2001/01/27 v2.19 Cross-referencing by name of section
\c@section@level=\count125
) (avl-trees.out)
(avl-trees.out)
\openout3 = `avl-trees.out'.

LaTeX Info: Redefining \ref on input line 21.
LaTeX Info: Redefining \pageref on input line 21.
LaTeX Font Info:    Try loading font information for T1+phv on input line 127.
 (/usr/share/texmf/tex/latex/psnfss/t1phv.fd
File: t1phv.fd 2001/06/04 scalable font definitions for T1/phv.
)
LaTeX Font Info:    Font shape `T1/phv/bx/n' in size <29.97061> not available
(Font)              Font shape `T1/phv/b/n' tried instead on input line 127.
LaTeX Font Info:    Font shape `T1/phv/bx/n' in size <20.8135> not available
(Font)              Font shape `T1/phv/b/n' tried instead on input line 143.
LaTeX Font Info:    Font shape `T1/phv/bx/n' in size <14.45381> not available
(Font)              Font shape `T1/phv/b/n' tried instead on input line 151.
LaTeX Font Info:    Try loading font information for TS1+phv on input line 159.


(/usr/share/texmf/tex/latex/psnfss/ts1phv.fd
File: ts1phv.fd 2001/06/04 scalable font definitions for TS1/phv.
)
LaTeX Font Info:    Font shape `TS1/phv/bx/n' in size <14.45381> not available
(Font)              Font shape `TS1/phv/b/n' tried instead on input line 159.
LaTeX Font Info:    Font shape `T1/phv/bx/n' in size <11.56306> not available
(Font)              Font shape `T1/phv/b/n' tried instead on input line 194.
LaTeX Font Info:    Font shape `T1/ptm/bx/n' in size <12.04486> not available
(Font)              Font shape `T1/ptm/b/n' tried instead on input line 263.

<tree01.png, id=76, 0.0pt x 0.0pt>
File: tree01.png Graphic file (type png)
 <use tree01.png> [1.0.50[/usr/share/texmf/dvips/config/pdftex.map]] <tree02.pn
g, id=89, 0.0pt x 0.0pt>
File: tree02.png Graphic file (type png)
 <use tree02.png>
Overfull \vbox (2.35393pt too high) has occurred while \output is active []


[2.0.50 <./tree01.png> <./tree02.png>]
LaTeX Font Info:    Font shape `T1/phv/bx/n' in size <12.04486> not available
(Font)              Font shape `T1/phv/b/n' tried instead on input line 702.
LaTeX Font Info:    Try loading font information for TS1+ptm on input line 724.


(/usr/share/texmf/tex/latex/psnfss/ts1ptm.fd
File: ts1ptm.fd 2001/06/04 font definitions for TS1/ptm.
)
LaTeX Font Info:    Try loading font information for T1+pcr on input line 791.

(/usr/share/texmf/tex/latex/psnfss/t1pcr.fd
File: t1pcr.fd 2001/06/04 font definitions for T1/pcr.
)
Overfull \vbox (2.35393pt too high) has occurred while \output is active []


[3.0.50]
LaTeX Font Info:    Font shape `T1/phv/bx/n' in size <11.04112> not available
(Font)              Font shape `T1/phv/b/n' tried instead on input line 1340.

Overfull \vbox (2.35393pt too high) has occurred while \output is active []


[4.0.50]
Overfull \hbox (2.78458pt too wide) in paragraph at lines 1410--1410
 []   \T1/pcr/m/n/10.84038 datos almacenados en cada nodo están almacenados din
ámicamente[] 
 []


Overfull \vbox (2.35393pt too high) has occurred while \output is active []


[5.0.50]
Overfull \vbox (2.35393pt too high) has occurred while \output is active []


[6.0.50] <tree03.png, id=176, 0.0pt x 0.0pt>
File: tree03.png Graphic file (type png)
 <use tree03.png>
Overfull \vbox (2.35393pt too high) has occurred while \output is active []


[7.0.50 <./tree03.png>] <tree04.png, id=202, 0.0pt x 0.0pt>
File: tree04.png Graphic file (type png)
 <use tree04.png>
<tree05.png, id=209, 0.0pt x 0.0pt>
File: tree05.png Graphic file (type png)
 <use tree05.png>
Overfull \vbox (2.35393pt too high) has occurred while \output is active []


[8.0.50 <./tree04.png>] <tree06.png, id=225, 0.0pt x 0.0pt>
File: tree06.png Graphic file (type png)
 <use tree06.png>
Overfull \vbox (2.35393pt too high) has occurred while \output is active []


[9.0.50 <./tree05.png>] <tree07.png, id=236, 0.0pt x 0.0pt>
File: tree07.png Graphic file (type png)
 <use tree07.png>
Overfull \vbox (2.35393pt too high) has occurred while \output is active []


[10.0.50 <./tree06.png>] <tree08.png, id=251, 0.0pt x 0.0pt>
File: tree08.png Graphic file (type png)
 <use tree08.png>
Overfull \hbox (42.16122pt too wide) detected at line 2268
 [] 
 []


Overfull \vbox (2.35393pt too high) has occurred while \output is active []


[11.0.50 <./tree07.png>] <tree10.png, id=267, 0.0pt x 0.0pt>
File: tree10.png Graphic file (type png)
 <use tree10.png>
Overfull \hbox (82.31113pt too wide) detected at line 2346
 [] 
 []


Overfull \vbox (2.35393pt too high) has occurred while \output is active []


[12.0.50 <./tree08.png>]
LaTeX Font Info:    Font shape `T1/phv/bx/n' in size <17.34459> not available
(Font)              Font shape `T1/phv/b/n' tried instead on input line 2382.

Overfull \vbox (2.35393pt too high) has occurred while \output is active []


[13.0.50 <./tree10.png>]
Overfull \hbox (157.03204pt too wide) in paragraph at lines 4152--4336
 []\T1/pcr/m/n/10.84038 rotar_s (AVLTree ** t, bool izq)                       
    \U/pzd/m/n/10.84038 Ì                           Í[] 
 []


Overfull \vbox (2.35393pt too high) has occurred while \output is active []


[14.0.50] <tree09.png, id=306, 0.0pt x 0.0pt>
File: tree09.png Graphic file (type png)
 <use tree09.png>
<tree11.png, id=312, 0.0pt x 0.0pt>
File: tree11.png Graphic file (type png)
 <use tree11.png>
Overfull \hbox (120.45354pt too wide) detected at line 6378
[] 
 []


Overfull \vbox (2.35393pt too high) has occurred while \output is active []


[15.0.50 <./tree09.png>]
Overfull \vbox (2.35393pt too high) has occurred while \output is active []


[16.0.50 <./tree11.png>]
Overfull \hbox (2.78458pt too wide) in paragraph at lines 7315--7445
 []  \T1/pcr/m/n/10.84038 /* la actualización de las alturas se realiza en las 
rotaciones[] 
 []


Overfull \vbox (2.35393pt too high) has occurred while \output is active []


[17.0.50]
Overfull \vbox (2.35393pt too high) has occurred while \output is active []


[18.0.50]
Overfull \hbox (17.88724pt too wide) in paragraph at lines 10475--10740
 []    \T1/pcr/m/n/10.84038 else if (altura (derecho (*t)) - altura (izquierdo 
(*t)) == 2)\U/pzd/m/n/10.84038 Í[] 
 []

<tree12.png, id=379, 0.0pt x 0.0pt>
File: tree12.png Graphic file (type png)
 <use tree12.png>
Overfull \hbox (30.1161pt too wide) detected at line 12136
[] 
 []


Overfull \vbox (2.35393pt too high) has occurred while \output is active []


[19.0.50]
Overfull \vbox (2.35393pt too high) has occurred while \output is active []


[20.0.50 <./tree12.png>]
Overfull \vbox (2.35393pt too high) has occurred while \output is active []


[21.0.50] <tree13.png, id=421, 0.0pt x 0.0pt>
File: tree13.png Graphic file (type png)
 <use tree13.png>
Overfull \hbox (38.14612pt too wide) detected at line 12524
[] 
 []


Overfull \hbox (2.78458pt too wide) in paragraph at lines 12588--12588
 []\T1/pcr/m/n/10.84038 /* Función auxiliar a eliminar(). Elimina el menor nodo
 del árbol[] 
 []


Overfull \vbox (2.35393pt too high) has occurred while \output is active []


[22.0.50 <./tree13.png>]
Overfull \vbox (2.35393pt too high) has occurred while \output is active []


[23.0.50]
Overfull \vbox (2.35393pt too high) has occurred while \output is active []


[24.0.50]
Overfull \hbox (22.37018pt too wide) in paragraph at lines 12963--12963
 []      \T1/pcr/m/n/10.84038 GNU Free Documentation License      Version 1.2, 
November 2002 
 []


Overfull \vbox (2.35393pt too high) has occurred while \output is active []


[25.0.50]
Overfull \vbox (2.35393pt too high) has occurred while \output is active []


[26.0.50]
Overfull \vbox (2.35393pt too high) has occurred while \output is active []


[27.0.50]
Overfull \vbox (2.35393pt too high) has occurred while \output is active []


[28.0.50]
Overfull \vbox (2.35393pt too high) has occurred while \output is active []


[29.0.50]
Overfull \vbox (2.35393pt too high) has occurred while \output is active []


[30.0.50]
Overfull \vbox (2.35393pt too high) has occurred while \output is active []


[31.0.50]
Overfull \vbox (2.35393pt too high) has occurred while \output is active []


[32.0.50]
Overfull \vbox (2.35393pt too high) has occurred while \output is active []


[33.0.50]
Overfull \vbox (2.35393pt too high) has occurred while \output is active []


[34.0.50

] (avl-trees.aux) ) 
Here is how much of TeX's memory you used:
 2094 strings out of 40731
 20340 string characters out of 595007
 161169 words of memory out of 1500001
 14514 multiletter control sequences out of 10000+50000
 46835 words of font info for 52 fonts, out of 400000 for 1000
 16 hyphenation exceptions out of 1000
 27i,11n,39p,498b,2919s stack positions out of 1500i,500n,1500p,50000b,5000s
<8r.enc>
Output written on avl-trees.pdf (34 pages, 219486 bytes).
