This is TeX, Version 3.14159 (Web2C 7.3.1) (format=latex 2002.7.23)  10 OCT 2002 23:34
**\makeatletter\def\HCode{\futurelet\HCode\HChar}\def\HChar{\ifx"\HCode\def\HCo
de"##1"{\Link##1}\expandafter\HCode\else\expandafter\Link\fi}\def\Link#1.a.b.c.
{\g@addto@macro\@documentclasshook{\RequirePackage[#1,html]{tex4ht}}\let\HCode\
documentstyle\def\documentstyle{\let\documentstyle\HCode\expandafter\def\csname
 tex4ht\endcsname{#1,html}\def\HCode####1{\documentstyle[tex4ht,}\@ifnextchar[{
\HCode}{\documentstyle[tex4ht]}}}\makeatother\HCode .a.b.c.\input

*
! Emergency stop.
<*> ...[tex4ht]}}}\makeatother\HCode .a.b.c.\input
                                                  
End of file on the terminal!

 
Here is how much of TeX's memory you used:
 4 strings out of 61419
 24 string characters out of 197302
 44136 words of memory out of 350001
 3032 multiletter control sequences out of 10000+15000
 3640 words of font info for 14 fonts, out of 400000 for 1000
 14 hyphenation exceptions out of 10000
 4i,0n,3p,1b,7s stack positions out of 3000i,100n,1500p,50000b,4000s
No pages of output.
