This is TeX, Version 3.14159 (Web2C 7.3.1) (format=latex 2002.7.23)  10 OCT 2002 23:44
**\makeatletter\def\HCode{\futurelet\HCode\HChar}\def\HChar{\ifx"\HCode\def\HCo
de"##1"{\Link##1}\expandafter\HCode\else\expandafter\Link\fi}\def\Link#1.a.b.c.
{\g@addto@macro\@documentclasshook{\RequirePackage[#1,html]{tex4ht}}\let\HCode\
documentstyle\def\documentstyle{\let\documentstyle\HCode\expandafter\def\csname
 tex4ht\endcsname{#1,html}\def\HCode####1{\documentstyle[tex4ht,}\@ifnextchar[{
\HCode}{\documentstyle[tex4ht]}}}\makeatother\HCode .a.b.c.\input  tlk.tex
(tlk.tex (/usr/share/texmf/tex/latex/base/book.cls
Document Class: book 2000/05/19 v1.4b Standard LaTeX document class
(/usr/share/texmf/tex/latex/base/bk10.clo
File: bk10.clo 2000/05/19 v1.4b Standard LaTeX file (size option)
)
\c@part=\count79
\c@chapter=\count80
\c@section=\count81
\c@subsection=\count82
\c@subsubsection=\count83
\c@paragraph=\count84
\c@subparagraph=\count85
\c@figure=\count86
\c@table=\count87
\abovecaptionskip=\skip41
\belowcaptionskip=\skip42
\bibindent=\dimen102
) (tex4ht.sty
version 2002-02-22-19:17
Package: tex4ht 
--- Note --- for _ at preamble, use the command line option `early_'
--- Note --- for ^ at preamble, use the command line option `early^'
)
(/usr/share/texmf/tex/generic/babel/babel.sty
Package: babel 2001/03/01 v3.7h The Babel package

(/usr/share/texmf/tex/generic/babel/english.ldf
Language: english 2001/02/07 v3.3k English support from the babel system

(/usr/share/texmf/tex/generic/babel/babel.def
File: babel.def 2001/03/01 v3.7h Babel common definitions
\babel@savecnt=\count88
\U@D=\dimen103
)
\l@canadian = a dialect from \language\l@english 
)
(/usr/share/texmf/tex/generic/babel/spanish.ldf
Language: spanish.ldf 2001/01/30 v4.1c Spanish support from the babel system
\es@quottoks=\toks14
\es@quotdepth=\count89
Package babel Info: Making . an active character on input line 464.
Package babel Info: Making " an active character on input line 495.
Package babel Info: Making < an active character on input line 581.
Package babel Info: Making > an active character on input line 582.
))
(/usr/share/texmf/tex/latex/base/inputenc.sty
Package: inputenc 2000/07/01 v0.996 Input encoding file 

(/usr/share/texmf/tex/latex/base/latin1.def
File: latin1.def 2000/07/01 v0.996 Input encoding file 
))
(/usr/share/texmf/tex/latex/graphics/graphics.sty
Package: graphics 1999/02/16 v1.0l Standard LaTeX Graphics (DPC,SPQR)

(/usr/share/texmf/tex/latex/graphics/trig.sty
Package: trig 1999/03/16 v1.09 sin cos tan (DPC)
)
(/usr/share/texmf/tex/latex/config/graphics.cfg)
Package graphics Info: Driver file: dvips.def on input line 80.

(/usr/share/texmf/tex/latex/graphics/dvips.def
File: dvips.def 1999/02/16 v3.0i Driver-dependant file (DPC,SPQR)
))
(/usr/share/texmf/tex/latex/base/makeidx.sty
Package: makeidx 2000/03/29 v1.0m Standard LaTeX package
)
(/usr/share/texmf/tex/latex/graphics/epsfig.sty
Package: epsfig 1999/02/16 v1.7a (e)psfig emulation (SPQR)

(/usr/share/texmf/tex/latex/graphics/graphicx.sty
Package: graphicx 1999/02/16 v1.0f Enhanced LaTeX Graphics (DPC,SPQR)

(/usr/share/texmf/tex/latex/graphics/keyval.sty
Package: keyval 1999/03/16 v1.13 key=value parser (DPC)
\KV@toks@=\toks15
)
\Gin@req@height=\dimen104
\Gin@req@width=\dimen105
)
\epsfxsize=\dimen106
\epsfysize=\dimen107
) (tlk2e.sty
Package: tlk2e 1996

Linux Documentation Style Modified for The Linux Kernel
(/usr/share/texmf/tex/latex/base/ifthen.sty
Package: ifthen 1999/09/10 v1.1b Standard LaTeX ifthen package (DPC)
)
(/usr/share/texmf/tex/latex/base/latexsym.sty
Package: latexsym 1998/08/17 v2.2e Standard LaTeX package (lasy symbols)
\symlasy=\mathgroup4
LaTeX Font Info:    Overwriting symbol font `lasy' in version `bold'
(Font)                  U/lasy/m/n --> U/lasy/b/n on input line 42.
)
\@this@label=\skip43
)
\@input{misc/macros.aux}
\openout2 = `misc/macros.aux'.

(misc/macros.tex)
\@indexfile=\write3
\openout3 = `tlk.idx'.


Writing index file tlk.idx
(tex4ht.4ht
version 2002-02-22-11:23
--- Note --- for additional information, use the command line option `info'

::::::::::::::::::::::::::::::::::::::::::
 TeX4ht info is available in the log file 
::::::::::::::::::::::::::::::::::::::::::
) (tex4ht.sty
version 2002-02-22-19:17

--- needs --- tex4ht tlk ---
\tmp:cnt=\count90
\openout15 = `tlk.tmp'.

(tlk.tmp)
\tmp:toks=\toks16
\tmp:dim=\skip44
 (tlk.xref)
\:refout=\write4
\openout4 = `tlk.xref'.

 (html4.4ht
version 2002-02-22-08:44
)
! I can't find file `html4-math.4ht'.
<to be read again> 
                   \def 
l.1418    \Hinput{Preamble}
                             \ht:special{t4ht.\:html}
Please type another input file name: 
! Emergency stop.
<to be read again> 
                   \def 
l.1418    \Hinput{Preamble}
                             \ht:special{t4ht.\:html}
End of file on the terminal!

 
Here is how much of TeX's memory you used:
 1581 strings out of 61419
 16687 string characters out of 197302
 74539 words of memory out of 350001
 4543 multiletter control sequences out of 10000+15000
 3640 words of font info for 14 fonts, out of 400000 for 1000
 14 hyphenation exceptions out of 10000
 33i,0n,31p,644b,40s stack positions out of 3000i,100n,1500p,50000b,4000s
No pages of output.
