This is TeX, Version 3.14159 (Web2C 7.2) (format=latex 1999.4.22)  19 MAR 2000 19:23
**bd.tex
(bd.tex
LaTeX2e <1998/06/01>
Babel <v3.6j> and hyphenation patterns for american, french, german, ngerman, s
panish, nohyphenation, loaded.
(/usr/lib/texmf/tex/latex/base/article.cls
Document Class: article 1998/05/05 v1.3y Standard LaTeX document class
(/usr/lib/texmf/tex/latex/base/size10.clo
File: size10.clo 1998/05/05 v1.3y Standard LaTeX file (size option)
)
\c@part=\count79
\c@section=\count80
\c@subsection=\count81
\c@subsubsection=\count82
\c@paragraph=\count83
\c@subparagraph=\count84
\c@figure=\count85
\c@table=\count86
\abovecaptionskip=\skip41
\belowcaptionskip=\skip42
\bibindent=\dimen102
)
(/usr/lib/texmf/tex/latex/misc/linuxdoc-sgml.sty
Package: linuxdoc-sgml 
)
(/usr/lib/texmf/tex/latex/misc/qwertz.sty
\c@definition=\count87
\c@proposition=\count88
\c@lemma=\count89
\c@corollary=\count90
\c@theorem=\count91
)
(/usr/lib/texmf/local/tex/latex/misc/url.sty
Package: url 1996/02/06  ver 1.1  Verb mode for urls, email addresses, and file
 names
)
(/usr/lib/texmf/tex/latex/base/inputenc.sty beta test version
Package: inputenc 1998/03/05 v0.97 Input encoding file (test version: still lia
ble to change)

(/usr/lib/texmf/tex/latex/base/latin1.def
File: latin1.def 1998/03/05 v0.97 Input encoding file (test version: still liab
le to change)
))
(/usr/lib/texmf/tex/latex/base/t1enc.sty
Package: t1enc 1994/06/01 Standard LaTeX package
)
(/usr/lib/texmf/tex/generic/babel/babel.sty
Package: babel 1998/03/24 v3.6j The Babel package
)
(/usr/lib/texmf/tex/latex/graphics/epsfig.sty
Package: epsfig 1996/10/04 v1.7 (e)psfig emulation (SPQR)

(/usr/lib/texmf/tex/latex/graphics/graphicx.sty
Package: graphicx 1997/06/09 v1.0d Enhanced LaTeX Graphics (DPC,SPQR)

(/usr/lib/texmf/tex/latex/graphics/keyval.sty
Package: keyval 1998/06/05 v1.11 key=value parser (DPC)
\KV@toks@=\toks14
)
(/usr/lib/texmf/tex/latex/graphics/graphics.sty
Package: graphics 1998/05/27 v1.0h Standard LaTeX Graphics (DPC,SPQR)

(/usr/lib/texmf/tex/latex/graphics/trig.sty
Package: trig 1994/10/16 v1.08 sin cos tan (DPC)
)
(/usr/lib/texmf/tex/latex/config/graphics.cfg)
Package graphics Info: Driver file: dvips.def on input line 85.

(/usr/lib/texmf/tex/latex/graphics/dvips.def
File: dvips.def 1998/05/03 v3.0f Driver-dependant file (DPC,SPQR)
))
\Gin@req@height=\dimen103
\Gin@req@width=\dimen104
)
\epsfxsize=\dimen105
\epsfysize=\dimen106
)
(/usr/lib/texmf/tex/latex/misc/null.sty)
No file bd.aux.
\openout1 = `bd.aux'.

LaTeX Font Info:    Checking defaults for OML/cmm/m/it on input line 21.
LaTeX Font Info:    ... okay on input line 21.
LaTeX Font Info:    Checking defaults for T1/cmr/m/n on input line 21.
LaTeX Font Info:    ... okay on input line 21.
LaTeX Font Info:    Checking defaults for OT1/cmr/m/n on input line 21.
LaTeX Font Info:    ... okay on input line 21.
LaTeX Font Info:    Checking defaults for OMS/cmsy/m/n on input line 21.
LaTeX Font Info:    ... okay on input line 21.
LaTeX Font Info:    Checking defaults for OMX/cmex/m/n on input line 21.
LaTeX Font Info:    ... okay on input line 21.
LaTeX Font Info:    Checking defaults for U/cmr/m/n on input line 21.
LaTeX Font Info:    ... okay on input line 21.
LaTeX Font Info:    Try loading font information for T1+cmss on input line 22.
(/usr/lib/texmf/tex/latex/base/t1cmss.fd
File: t1cmss.fd 1998/03/27 v2.5g Standard LaTeX font definitions
)
LaTeX Font Info:    Try loading font information for T1+cmtt on input line 22.

(/usr/lib/texmf/tex/latex/base/t1cmtt.fd
File: t1cmtt.fd 1998/03/27 v2.5g Standard LaTeX font definitions
)
LaTeX Font Info:    External font `cmex10' loaded for size
(Font)              <7> on input line 22.
LaTeX Font Info:    External font `cmex10' loaded for size
(Font)              <5> on input line 22.

Underfull \hbox (badness 10000) in paragraph at lines 22--22

 []

[1

] [2]
LaTeX Font Info:    Try loading font information for OMS+cmr on input line 175.

 (/usr/lib/texmf/tex/latex/base/omscmr.fd
File: omscmr.fd 1998/03/27 v2.5g Standard LaTeX font definitions
)
LaTeX Font Info:    Font shape `OMS/cmr/m/n' in size <10> not available
(Font)              Font shape `OMS/cmsy/m/n' tried instead on input line 175.
 [3] [4] [5]
Underfull \hbox (badness 10000) in paragraph at lines 461--465
[]\T1/cmr/m/n/10 El HOWTO de Post-greSQL para Linux:  \T1/cmtt/m/n/10 <$http : 
/ / metalab . unc . edu / LDP / HOWTO /
 []

[6] [7] (bd.aux) ) 
Here is how much of TeX's memory you used:
 802 strings out of 10900
 9624 string characters out of 72692
 58328 words of memory out of 263001
 3758 multiletter control sequences out of 10000+0
 10027 words of font info for 23 fonts, out of 200000 for 1000
 15 hyphenation exceptions out of 1000
 32i,5n,21p,211b,281s stack positions out of 300i,100n,500p,30000b,4000s

Output written on bd.dvi (7 pages, 26768 bytes).
